[ INFO ] [2018-11-15 15:41:38] com.github.ontio.ExplorerApplication [50] - Starting ExplorerApplication on sss with PID 41204 (/Users/sss/dev/localgit/javaProject/sidechainserver/target/classes started by sss in /Users/sss/dev/localgit/javaProject/sidechainserver)
[ DEBUG] [2018-11-15 15:41:38] com.github.ontio.ExplorerApplication [53] - Running with Spring Boot v2.0.3.RELEASE, Spring v5.0.7.RELEASE
[ INFO ] [2018-11-15 15:41:38] com.github.ontio.ExplorerApplication [663] - The following profiles are active: uat
[ INFO ] [2018-11-15 15:41:38] org.springframework.boot.web.servlet.context.AnnotationConfigServletWebServerApplicationContext [590] - Refreshing org.springframework.boot.web.servlet.context.AnnotationConfigServletWebServerApplicationContext@6ae5aa72: startup date [Thu Nov 15 15:41:38 CST 2018]; root of context hierarchy
[ WARN ] [2018-11-15 15:41:38] org.mybatis.spring.mapper.ClassPathMapperScanner [239] - Skipping MapperFactoryBean with name 'BlkHeightMainMapper' and 'com.github.ontio.dao.BlkHeightMainMapper' mapperInterface. Bean already defined with the same name!
[ WARN ] [2018-11-15 15:41:38] org.mybatis.spring.mapper.ClassPathMapperScanner [239] - Skipping MapperFactoryBean with name 'BlkHeightSideMapper' and 'com.github.ontio.dao.BlkHeightSideMapper' mapperInterface. Bean already defined with the same name!
[ WARN ] [2018-11-15 15:41:38] org.mybatis.spring.mapper.ClassPathMapperScanner [239] - Skipping MapperFactoryBean with name 'NotifyMapper' and 'com.github.ontio.dao.NotifyMapper' mapperInterface. Bean already defined with the same name!
[ WARN ] [2018-11-15 15:41:38] org.mybatis.spring.mapper.ClassPathMapperScanner [239] - Skipping MapperFactoryBean with name 'SendTxDetailMapper' and 'com.github.ontio.dao.SendTxDetailMapper' mapperInterface. Bean already defined with the same name!
[ WARN ] [2018-11-15 15:41:38] org.mybatis.spring.mapper.ClassPathMapperScanner [239] - Skipping MapperFactoryBean with name 'SendTxMsgInfoMapper' and 'com.github.ontio.dao.SendTxMsgInfoMapper' mapperInterface. Bean already defined with the same name!
[ WARN ] [2018-11-15 15:41:38] org.mybatis.spring.mapper.ClassPathMapperScanner [166] - No MyBatis mapper was found in '[com.github.ontio.dao]' package. Please check your configuration.
[ WARN ] [2018-11-15 15:41:38] org.mybatis.spring.mapper.ClassPathMapperScanner [239] - Skipping MapperFactoryBean with name 'BlkHeightMainMapper' and 'com.github.ontio.dao.BlkHeightMainMapper' mapperInterface. Bean already defined with the same name!
[ WARN ] [2018-11-15 15:41:38] org.mybatis.spring.mapper.ClassPathMapperScanner [239] - Skipping MapperFactoryBean with name 'BlkHeightSideMapper' and 'com.github.ontio.dao.BlkHeightSideMapper' mapperInterface. Bean already defined with the same name!
[ WARN ] [2018-11-15 15:41:38] org.mybatis.spring.mapper.ClassPathMapperScanner [239] - Skipping MapperFactoryBean with name 'NotifyMapper' and 'com.github.ontio.dao.NotifyMapper' mapperInterface. Bean already defined with the same name!
[ WARN ] [2018-11-15 15:41:38] org.mybatis.spring.mapper.ClassPathMapperScanner [239] - Skipping MapperFactoryBean with name 'SendTxDetailMapper' and 'com.github.ontio.dao.SendTxDetailMapper' mapperInterface. Bean already defined with the same name!
[ WARN ] [2018-11-15 15:41:38] org.mybatis.spring.mapper.ClassPathMapperScanner [239] - Skipping MapperFactoryBean with name 'SendTxMsgInfoMapper' and 'com.github.ontio.dao.SendTxMsgInfoMapper' mapperInterface. Bean already defined with the same name!
[ WARN ] [2018-11-15 15:41:38] org.mybatis.spring.mapper.ClassPathMapperScanner [166] - No MyBatis mapper was found in '[com.github.ontio.dao]' package. Please check your configuration.
[ WARN ] [2018-11-15 15:41:38] org.mybatis.spring.mapper.ClassPathMapperScanner [239] - Skipping MapperFactoryBean with name 'BlkHeightMainMapper' and 'com.github.ontio.dao.BlkHeightMainMapper' mapperInterface. Bean already defined with the same name!
[ WARN ] [2018-11-15 15:41:38] org.mybatis.spring.mapper.ClassPathMapperScanner [239] - Skipping MapperFactoryBean with name 'BlkHeightSideMapper' and 'com.github.ontio.dao.BlkHeightSideMapper' mapperInterface. Bean already defined with the same name!
[ WARN ] [2018-11-15 15:41:38] org.mybatis.spring.mapper.ClassPathMapperScanner [239] - Skipping MapperFactoryBean with name 'NotifyMapper' and 'com.github.ontio.dao.NotifyMapper' mapperInterface. Bean already defined with the same name!
[ WARN ] [2018-11-15 15:41:38] org.mybatis.spring.mapper.ClassPathMapperScanner [239] - Skipping MapperFactoryBean with name 'SendTxDetailMapper' and 'com.github.ontio.dao.SendTxDetailMapper' mapperInterface. Bean already defined with the same name!
[ WARN ] [2018-11-15 15:41:38] org.mybatis.spring.mapper.ClassPathMapperScanner [239] - Skipping MapperFactoryBean with name 'SendTxMsgInfoMapper' and 'com.github.ontio.dao.SendTxMsgInfoMapper' mapperInterface. Bean already defined with the same name!
[ WARN ] [2018-11-15 15:41:38] org.mybatis.spring.mapper.ClassPathMapperScanner [166] - No MyBatis mapper was found in '[com.github.ontio.dao]' package. Please check your configuration.
[ INFO ] [2018-11-15 15:41:38] org.springframework.data.repository.config.RepositoryConfigurationDelegate [163] - Multiple Spring Data modules found, entering strict repository configuration mode!
[ INFO ] [2018-11-15 15:41:39] org.springframework.context.support.PostProcessorRegistrationDelegate$BeanPostProcessorChecker [328] - Bean 'org.springframework.ws.config.annotation.DelegatingWsConfiguration' of type [org.springframework.ws.config.annotation.DelegatingWsConfiguration$$EnhancerBySpringCGLIB$$eb701b7e] is not eligible for getting processed by all BeanPostProcessors (for example: not eligible for auto-proxying)
[ INFO ] [2018-11-15 15:41:39] org.springframework.ws.soap.addressing.server.AnnotationActionEndpointMapping [236] - Supporting [WS-Addressing August 2004, WS-Addressing 1.0]
[ INFO ] [2018-11-15 15:41:39] org.springframework.context.support.PostProcessorRegistrationDelegate$BeanPostProcessorChecker [328] - Bean 'org.springframework.transaction.annotation.ProxyTransactionManagementConfiguration' of type [org.springframework.transaction.annotation.ProxyTransactionManagementConfiguration$$EnhancerBySpringCGLIB$$46d8567f] is not eligible for getting processed by all BeanPostProcessors (for example: not eligible for auto-proxying)
[ INFO ] [2018-11-15 15:41:39] org.springframework.boot.web.embedded.tomcat.TomcatWebServer [91] - Tomcat initialized with port(s): 8585 (http)
[ INFO ] [2018-11-15 15:41:39] org.apache.coyote.http11.Http11NioProtocol [180] - Initializing ProtocolHandler ["http-nio-8585"]
[ INFO ] [2018-11-15 15:41:39] org.apache.catalina.core.StandardService [180] - Starting service [Tomcat]
[ INFO ] [2018-11-15 15:41:39] org.apache.catalina.core.StandardEngine [180] - Starting Servlet Engine: Apache Tomcat/8.5.31
[ INFO ] [2018-11-15 15:41:39] org.apache.catalina.core.AprLifecycleListener [180] - The APR based Apache Tomcat Native library which allows optimal performance in production environments was not found on the java.library.path: [/Users/sss/Library/Java/Extensions:/Library/Java/Extensions:/Network/Library/Java/Extensions:/System/Library/Java/Extensions:/usr/lib/java:.]
[ INFO ] [2018-11-15 15:41:39] org.apache.catalina.core.ContainerBase.[Tomcat].[localhost].[/] [180] - Initializing Spring embedded WebApplicationContext
[ INFO ] [2018-11-15 15:41:39] org.springframework.web.context.ContextLoader [285] - Root WebApplicationContext: initialization completed in 1603 ms
[ INFO ] [2018-11-15 15:41:39] org.springframework.boot.web.servlet.ServletRegistrationBean [186] - Servlet dispatcherServlet mapped to [/]
[ INFO ] [2018-11-15 15:41:39] org.springframework.boot.web.servlet.ServletRegistrationBean [186] - Servlet messageDispatcherServlet mapped to [/services/*]
[ INFO ] [2018-11-15 15:41:39] org.springframework.boot.web.servlet.FilterRegistrationBean [245] - Mapping filter: 'characterEncodingFilter' to: [/*]
[ INFO ] [2018-11-15 15:41:39] org.springframework.boot.web.servlet.FilterRegistrationBean [245] - Mapping filter: 'hiddenHttpMethodFilter' to: [/*]
[ INFO ] [2018-11-15 15:41:39] org.springframework.boot.web.servlet.FilterRegistrationBean [245] - Mapping filter: 'httpPutFormContentFilter' to: [/*]
[ INFO ] [2018-11-15 15:41:39] org.springframework.boot.web.servlet.FilterRegistrationBean [245] - Mapping filter: 'requestContextFilter' to: [/*]
[ INFO ] [2018-11-15 15:41:39] org.springframework.boot.web.servlet.FilterRegistrationBean [245] - Mapping filter: 'simpleCORSFilter' to: [/*]
[ INFO ] [2018-11-15 15:41:40] org.springframework.web.servlet.handler.SimpleUrlHandlerMapping [373] - Mapped URL path [/**/favicon.ico] onto handler of type [class org.springframework.web.servlet.resource.ResourceHttpRequestHandler]
[ INFO ] [2018-11-15 15:41:40] org.springframework.web.servlet.mvc.method.annotation.RequestMappingHandlerAdapter [574] - Looking for @ControllerAdvice: org.springframework.boot.web.servlet.context.AnnotationConfigServletWebServerApplicationContext@6ae5aa72: startup date [Thu Nov 15 15:41:38 CST 2018]; root of context hierarchy
[ INFO ] [2018-11-15 15:41:40] org.springframework.web.servlet.mvc.method.annotation.RequestMappingHandlerMapping [547] - Mapped "{[/api/v1/commitdpos/getsidechaindata],methods=[GET]}" onto public com.github.ontio.paramBean.Result com.github.ontio.controller.CommitPosController.querySideChainData()
[ INFO ] [2018-11-15 15:41:40] org.springframework.web.servlet.mvc.method.annotation.RequestMappingHandlerMapping [547] - Mapped "{[/api/v1/mainchain/getnotifybyheight/{height}],methods=[GET]}" onto public com.github.ontio.paramBean.Result com.github.ontio.controller.MainChainController.getMainBlkHeight(int)
[ INFO ] [2018-11-15 15:41:40] org.springframework.web.servlet.mvc.method.annotation.RequestMappingHandlerMapping [547] - Mapped "{[/api/v1/mainchain/getblkheight],methods=[GET]}" onto public com.github.ontio.paramBean.Result com.github.ontio.controller.MainChainController.getMainBlkHeight()
[ INFO ] [2018-11-15 15:41:40] org.springframework.web.servlet.mvc.method.annotation.RequestMappingHandlerMapping [547] - Mapped "{[/api/v1/mainchain/getnotifybytxhash/{txhash}],methods=[GET]}" onto public com.github.ontio.paramBean.Result com.github.ontio.controller.MainChainController.getNotifyByTxhash(java.lang.String)
[ INFO ] [2018-11-15 15:41:40] org.springframework.web.servlet.mvc.method.annotation.RequestMappingHandlerMapping [547] - Mapped "{[/api/v1/mainchain/getnotifybypage/{pagesize}/{pagenumber}],methods=[GET]}" onto public com.github.ontio.paramBean.Result com.github.ontio.controller.MainChainController.getMainNotify(java.lang.Integer,java.lang.Integer)
[ INFO ] [2018-11-15 15:41:40] org.springframework.web.servlet.mvc.method.annotation.RequestMappingHandlerMapping [547] - Mapped "{[/api/v1/sendtx/getsendtxbytxhash/{txhash}],methods=[GET]}" onto public com.github.ontio.paramBean.Result com.github.ontio.controller.SendTxController.getSendTxByTxhash(java.lang.String)
[ INFO ] [2018-11-15 15:41:40] org.springframework.web.servlet.mvc.method.annotation.RequestMappingHandlerMapping [547] - Mapped "{[/api/v1/sendtx/getsendtxbypage/{pagesize}/{pagenumber}],methods=[GET]}" onto public com.github.ontio.paramBean.Result com.github.ontio.controller.SendTxController.getSendTx(java.lang.Integer,java.lang.Integer)
[ INFO ] [2018-11-15 15:41:40] org.springframework.web.servlet.mvc.method.annotation.RequestMappingHandlerMapping [547] - Mapped "{[/api/v1/sendtx/getsendtxdetailbytxhash/{txhash}],methods=[GET]}" onto public com.github.ontio.paramBean.Result com.github.ontio.controller.SendTxController.getsendTxDetailByTxhash(java.lang.String)
[ INFO ] [2018-11-15 15:41:40] org.springframework.web.servlet.mvc.method.annotation.RequestMappingHandlerMapping [547] - Mapped "{[/api/v1/sendtx/getsendtxdetailbypage/{pagesize}/{pagenumber}],methods=[GET]}" onto public com.github.ontio.paramBean.Result com.github.ontio.controller.SendTxController.getMainNotifyAll(java.lang.Integer,java.lang.Integer)
[ INFO ] [2018-11-15 15:41:40] org.springframework.web.servlet.mvc.method.annotation.RequestMappingHandlerMapping [547] - Mapped "{[/api/v1/sidechain/getnotifybyheight/{height}],methods=[GET]}" onto public com.github.ontio.paramBean.Result com.github.ontio.controller.SideChainController.getMainBlkHeight(int)
[ INFO ] [2018-11-15 15:41:40] org.springframework.web.servlet.mvc.method.annotation.RequestMappingHandlerMapping [547] - Mapped "{[/api/v1/sidechain/getblkheight],methods=[GET]}" onto public com.github.ontio.paramBean.Result com.github.ontio.controller.SideChainController.getMainBlkHeight()
[ INFO ] [2018-11-15 15:41:40] org.springframework.web.servlet.mvc.method.annotation.RequestMappingHandlerMapping [547] - Mapped "{[/api/v1/sidechain/getnotifybytxhash/{txhash}],methods=[GET]}" onto public com.github.ontio.paramBean.Result com.github.ontio.controller.SideChainController.getNotifyByTxhash(java.lang.String)
[ INFO ] [2018-11-15 15:41:40] org.springframework.web.servlet.mvc.method.annotation.RequestMappingHandlerMapping [547] - Mapped "{[/api/v1/sidechain/getnotifybypage/{pagesize}/{pagenumber}],methods=[GET]}" onto public com.github.ontio.paramBean.Result com.github.ontio.controller.SideChainController.getMainNotifyByPage(java.lang.Integer,java.lang.Integer)
[ INFO ] [2018-11-15 15:41:40] org.springframework.web.servlet.mvc.method.annotation.RequestMappingHandlerMapping [547] - Mapped "{[/error]}" onto public org.springframework.http.ResponseEntity<java.util.Map<java.lang.String, java.lang.Object>> org.springframework.boot.autoconfigure.web.servlet.error.BasicErrorController.error(javax.servlet.http.HttpServletRequest)
[ INFO ] [2018-11-15 15:41:40] org.springframework.web.servlet.mvc.method.annotation.RequestMappingHandlerMapping [547] - Mapped "{[/error],produces=[text/html]}" onto public org.springframework.web.servlet.ModelAndView org.springframework.boot.autoconfigure.web.servlet.error.BasicErrorController.errorHtml(javax.servlet.http.HttpServletRequest,javax.servlet.http.HttpServletResponse)
[ INFO ] [2018-11-15 15:41:40] org.springframework.web.servlet.handler.SimpleUrlHandlerMapping [373] - Mapped URL path [/webjars/**] onto handler of type [class org.springframework.web.servlet.resource.ResourceHttpRequestHandler]
[ INFO ] [2018-11-15 15:41:40] org.springframework.web.servlet.handler.SimpleUrlHandlerMapping [373] - Mapped URL path [/**] onto handler of type [class org.springframework.web.servlet.resource.ResourceHttpRequestHandler]
[ INFO ] [2018-11-15 15:41:41] org.springframework.jmx.export.annotation.AnnotationMBeanExporter [433] - Registering beans for JMX exposure on startup
[ INFO ] [2018-11-15 15:41:41] org.springframework.jmx.export.annotation.AnnotationMBeanExporter [895] - Bean with name 'dataSource' has been autodetected for JMX exposure
[ INFO ] [2018-11-15 15:41:41] org.springframework.jmx.export.annotation.AnnotationMBeanExporter [668] - Located MBean 'dataSource': registering with JMX server as MBean [com.zaxxer.hikari:name=dataSource,type=HikariDataSource]
[ INFO ] [2018-11-15 15:41:41] org.apache.coyote.http11.Http11NioProtocol [180] - Starting ProtocolHandler ["http-nio-8585"]
[ INFO ] [2018-11-15 15:41:41] org.apache.tomcat.util.net.NioSelectorPool [180] - Using a shared selector for servlet write/read
[ INFO ] [2018-11-15 15:41:41] org.springframework.boot.web.embedded.tomcat.TomcatWebServer [206] - Tomcat started on port(s): 8585 (http) with context path ''
[ INFO ] [2018-11-15 15:41:41] com.github.ontio.ExplorerApplication [59] - Started ExplorerApplication in 3.927 seconds (JVM running for 4.746)
[ INFO ] [2018-11-15 15:42:12] org.apache.catalina.core.ContainerBase.[Tomcat].[localhost].[/] [180] - Initializing Spring FrameworkServlet 'dispatcherServlet'
[ INFO ] [2018-11-15 15:42:12] org.springframework.web.servlet.DispatcherServlet [494] - FrameworkServlet 'dispatcherServlet': initialization started
[ INFO ] [2018-11-15 15:42:12] org.springframework.web.servlet.DispatcherServlet [509] - FrameworkServlet 'dispatcherServlet': initialization completed in 16 ms
[ INFO ] [2018-11-15 15:42:12] com.github.ontio.controller.CommitPosController [81] - ########SideChainController.getMainNotifyByPage begin...
[ INFO ] [2018-11-15 15:42:12] com.zaxxer.hikari.HikariDataSource [110] - HikariPool-1 - Starting...
[ INFO ] [2018-11-15 15:42:12] com.zaxxer.hikari.HikariDataSource [123] - HikariPool-1 - Start completed.
[ DEBUG] [2018-11-15 15:42:12] dao.com.github.ontio.dao.NotifyMapper.selectSideNotifyByPage [159] - ==>  Preparing: select blkHeight, TxHash, ContractAddress, funcName, sideChainId,address,amount from tbl_sidechain_notify order by id DESC limit ?, ? 
[ DEBUG] [2018-11-15 15:42:12] dao.com.github.ontio.dao.NotifyMapper.selectSideNotifyByPage [159] - ==> Parameters: 0(Integer), 5(Integer)
[ DEBUG] [2018-11-15 15:42:12] dao.com.github.ontio.dao.NotifyMapper.selectSideNotifyByPage [159] - <==      Total: 0
[ INFO ] [2018-11-15 15:43:08] org.springframework.boot.web.servlet.context.AnnotationConfigServletWebServerApplicationContext [993] - Closing org.springframework.boot.web.servlet.context.AnnotationConfigServletWebServerApplicationContext@6ae5aa72: startup date [Thu Nov 15 15:41:38 CST 2018]; root of context hierarchy
[ INFO ] [2018-11-15 15:43:08] org.springframework.jmx.export.annotation.AnnotationMBeanExporter [451] - Unregistering JMX-exposed beans on shutdown
[ INFO ] [2018-11-15 15:43:08] org.springframework.jmx.export.annotation.AnnotationMBeanExporter [183] - Unregistering JMX-exposed beans
[ INFO ] [2018-11-15 15:43:08] com.zaxxer.hikari.HikariDataSource [381] - HikariPool-1 - Shutdown initiated...
[ INFO ] [2018-11-15 15:43:08] com.zaxxer.hikari.HikariDataSource [383] - HikariPool-1 - Shutdown completed.
[ INFO ] [2018-11-15 15:43:14] com.github.ontio.ExplorerApplication [50] - Starting ExplorerApplication on sss with PID 41248 (/Users/sss/dev/localgit/javaProject/sidechainserver/target/classes started by sss in /Users/sss/dev/localgit/javaProject/sidechainserver)
[ DEBUG] [2018-11-15 15:43:14] com.github.ontio.ExplorerApplication [53] - Running with Spring Boot v2.0.3.RELEASE, Spring v5.0.7.RELEASE
[ INFO ] [2018-11-15 15:43:14] com.github.ontio.ExplorerApplication [663] - The following profiles are active: uat
[ INFO ] [2018-11-15 15:43:14] org.springframework.boot.web.servlet.context.AnnotationConfigServletWebServerApplicationContext [590] - Refreshing org.springframework.boot.web.servlet.context.AnnotationConfigServletWebServerApplicationContext@35cabb2a: startup date [Thu Nov 15 15:43:14 CST 2018]; root of context hierarchy
[ WARN ] [2018-11-15 15:43:15] org.mybatis.spring.mapper.ClassPathMapperScanner [239] - Skipping MapperFactoryBean with name 'BlkHeightMainMapper' and 'com.github.ontio.dao.BlkHeightMainMapper' mapperInterface. Bean already defined with the same name!
[ WARN ] [2018-11-15 15:43:15] org.mybatis.spring.mapper.ClassPathMapperScanner [239] - Skipping MapperFactoryBean with name 'BlkHeightSideMapper' and 'com.github.ontio.dao.BlkHeightSideMapper' mapperInterface. Bean already defined with the same name!
[ WARN ] [2018-11-15 15:43:15] org.mybatis.spring.mapper.ClassPathMapperScanner [239] - Skipping MapperFactoryBean with name 'NotifyMapper' and 'com.github.ontio.dao.NotifyMapper' mapperInterface. Bean already defined with the same name!
[ WARN ] [2018-11-15 15:43:15] org.mybatis.spring.mapper.ClassPathMapperScanner [239] - Skipping MapperFactoryBean with name 'SendTxDetailMapper' and 'com.github.ontio.dao.SendTxDetailMapper' mapperInterface. Bean already defined with the same name!
[ WARN ] [2018-11-15 15:43:15] org.mybatis.spring.mapper.ClassPathMapperScanner [239] - Skipping MapperFactoryBean with name 'SendTxMsgInfoMapper' and 'com.github.ontio.dao.SendTxMsgInfoMapper' mapperInterface. Bean already defined with the same name!
[ WARN ] [2018-11-15 15:43:15] org.mybatis.spring.mapper.ClassPathMapperScanner [166] - No MyBatis mapper was found in '[com.github.ontio.dao]' package. Please check your configuration.
[ WARN ] [2018-11-15 15:43:15] org.mybatis.spring.mapper.ClassPathMapperScanner [239] - Skipping MapperFactoryBean with name 'BlkHeightMainMapper' and 'com.github.ontio.dao.BlkHeightMainMapper' mapperInterface. Bean already defined with the same name!
[ WARN ] [2018-11-15 15:43:15] org.mybatis.spring.mapper.ClassPathMapperScanner [239] - Skipping MapperFactoryBean with name 'BlkHeightSideMapper' and 'com.github.ontio.dao.BlkHeightSideMapper' mapperInterface. Bean already defined with the same name!
[ WARN ] [2018-11-15 15:43:15] org.mybatis.spring.mapper.ClassPathMapperScanner [239] - Skipping MapperFactoryBean with name 'NotifyMapper' and 'com.github.ontio.dao.NotifyMapper' mapperInterface. Bean already defined with the same name!
[ WARN ] [2018-11-15 15:43:15] org.mybatis.spring.mapper.ClassPathMapperScanner [239] - Skipping MapperFactoryBean with name 'SendTxDetailMapper' and 'com.github.ontio.dao.SendTxDetailMapper' mapperInterface. Bean already defined with the same name!
[ WARN ] [2018-11-15 15:43:15] org.mybatis.spring.mapper.ClassPathMapperScanner [239] - Skipping MapperFactoryBean with name 'SendTxMsgInfoMapper' and 'com.github.ontio.dao.SendTxMsgInfoMapper' mapperInterface. Bean already defined with the same name!
[ WARN ] [2018-11-15 15:43:15] org.mybatis.spring.mapper.ClassPathMapperScanner [166] - No MyBatis mapper was found in '[com.github.ontio.dao]' package. Please check your configuration.
[ WARN ] [2018-11-15 15:43:15] org.mybatis.spring.mapper.ClassPathMapperScanner [239] - Skipping MapperFactoryBean with name 'BlkHeightMainMapper' and 'com.github.ontio.dao.BlkHeightMainMapper' mapperInterface. Bean already defined with the same name!
[ WARN ] [2018-11-15 15:43:15] org.mybatis.spring.mapper.ClassPathMapperScanner [239] - Skipping MapperFactoryBean with name 'BlkHeightSideMapper' and 'com.github.ontio.dao.BlkHeightSideMapper' mapperInterface. Bean already defined with the same name!
[ WARN ] [2018-11-15 15:43:15] org.mybatis.spring.mapper.ClassPathMapperScanner [239] - Skipping MapperFactoryBean with name 'NotifyMapper' and 'com.github.ontio.dao.NotifyMapper' mapperInterface. Bean already defined with the same name!
[ WARN ] [2018-11-15 15:43:15] org.mybatis.spring.mapper.ClassPathMapperScanner [239] - Skipping MapperFactoryBean with name 'SendTxDetailMapper' and 'com.github.ontio.dao.SendTxDetailMapper' mapperInterface. Bean already defined with the same name!
[ WARN ] [2018-11-15 15:43:15] org.mybatis.spring.mapper.ClassPathMapperScanner [239] - Skipping MapperFactoryBean with name 'SendTxMsgInfoMapper' and 'com.github.ontio.dao.SendTxMsgInfoMapper' mapperInterface. Bean already defined with the same name!
[ WARN ] [2018-11-15 15:43:15] org.mybatis.spring.mapper.ClassPathMapperScanner [166] - No MyBatis mapper was found in '[com.github.ontio.dao]' package. Please check your configuration.
[ INFO ] [2018-11-15 15:43:15] org.springframework.data.repository.config.RepositoryConfigurationDelegate [163] - Multiple Spring Data modules found, entering strict repository configuration mode!
[ INFO ] [2018-11-15 15:43:15] org.springframework.context.support.PostProcessorRegistrationDelegate$BeanPostProcessorChecker [328] - Bean 'org.springframework.ws.config.annotation.DelegatingWsConfiguration' of type [org.springframework.ws.config.annotation.DelegatingWsConfiguration$$EnhancerBySpringCGLIB$$eb701b7e] is not eligible for getting processed by all BeanPostProcessors (for example: not eligible for auto-proxying)
[ INFO ] [2018-11-15 15:43:15] org.springframework.ws.soap.addressing.server.AnnotationActionEndpointMapping [236] - Supporting [WS-Addressing August 2004, WS-Addressing 1.0]
[ INFO ] [2018-11-15 15:43:15] org.springframework.context.support.PostProcessorRegistrationDelegate$BeanPostProcessorChecker [328] - Bean 'org.springframework.transaction.annotation.ProxyTransactionManagementConfiguration' of type [org.springframework.transaction.annotation.ProxyTransactionManagementConfiguration$$EnhancerBySpringCGLIB$$46d8567f] is not eligible for getting processed by all BeanPostProcessors (for example: not eligible for auto-proxying)
[ INFO ] [2018-11-15 15:43:16] org.springframework.boot.web.embedded.tomcat.TomcatWebServer [91] - Tomcat initialized with port(s): 8585 (http)
[ INFO ] [2018-11-15 15:43:16] org.apache.coyote.http11.Http11NioProtocol [180] - Initializing ProtocolHandler ["http-nio-8585"]
[ INFO ] [2018-11-15 15:43:16] org.apache.catalina.core.StandardService [180] - Starting service [Tomcat]
[ INFO ] [2018-11-15 15:43:16] org.apache.catalina.core.StandardEngine [180] - Starting Servlet Engine: Apache Tomcat/8.5.31
[ INFO ] [2018-11-15 15:43:16] org.apache.catalina.core.AprLifecycleListener [180] - The APR based Apache Tomcat Native library which allows optimal performance in production environments was not found on the java.library.path: [/Users/sss/Library/Java/Extensions:/Library/Java/Extensions:/Network/Library/Java/Extensions:/System/Library/Java/Extensions:/usr/lib/java:.]
[ INFO ] [2018-11-15 15:43:16] org.apache.catalina.core.ContainerBase.[Tomcat].[localhost].[/] [180] - Initializing Spring embedded WebApplicationContext
[ INFO ] [2018-11-15 15:43:16] org.springframework.web.context.ContextLoader [285] - Root WebApplicationContext: initialization completed in 1433 ms
[ INFO ] [2018-11-15 15:43:16] org.springframework.boot.web.servlet.ServletRegistrationBean [186] - Servlet dispatcherServlet mapped to [/]
[ INFO ] [2018-11-15 15:43:16] org.springframework.boot.web.servlet.ServletRegistrationBean [186] - Servlet messageDispatcherServlet mapped to [/services/*]
[ INFO ] [2018-11-15 15:43:16] org.springframework.boot.web.servlet.FilterRegistrationBean [245] - Mapping filter: 'characterEncodingFilter' to: [/*]
[ INFO ] [2018-11-15 15:43:16] org.springframework.boot.web.servlet.FilterRegistrationBean [245] - Mapping filter: 'hiddenHttpMethodFilter' to: [/*]
[ INFO ] [2018-11-15 15:43:16] org.springframework.boot.web.servlet.FilterRegistrationBean [245] - Mapping filter: 'httpPutFormContentFilter' to: [/*]
[ INFO ] [2018-11-15 15:43:16] org.springframework.boot.web.servlet.FilterRegistrationBean [245] - Mapping filter: 'requestContextFilter' to: [/*]
[ INFO ] [2018-11-15 15:43:16] org.springframework.boot.web.servlet.FilterRegistrationBean [245] - Mapping filter: 'simpleCORSFilter' to: [/*]
[ INFO ] [2018-11-15 15:43:16] org.springframework.web.servlet.handler.SimpleUrlHandlerMapping [373] - Mapped URL path [/**/favicon.ico] onto handler of type [class org.springframework.web.servlet.resource.ResourceHttpRequestHandler]
[ INFO ] [2018-11-15 15:43:16] org.springframework.web.servlet.mvc.method.annotation.RequestMappingHandlerAdapter [574] - Looking for @ControllerAdvice: org.springframework.boot.web.servlet.context.AnnotationConfigServletWebServerApplicationContext@35cabb2a: startup date [Thu Nov 15 15:43:14 CST 2018]; root of context hierarchy
[ INFO ] [2018-11-15 15:43:16] org.springframework.web.servlet.mvc.method.annotation.RequestMappingHandlerMapping [547] - Mapped "{[/api/v1/commitdpos/getsidechaindata],methods=[GET]}" onto public com.github.ontio.paramBean.Result com.github.ontio.controller.CommitPosController.querySideChainData()
[ INFO ] [2018-11-15 15:43:16] org.springframework.web.servlet.mvc.method.annotation.RequestMappingHandlerMapping [547] - Mapped "{[/api/v1/mainchain/getnotifybyheight/{height}],methods=[GET]}" onto public com.github.ontio.paramBean.Result com.github.ontio.controller.MainChainController.getMainBlkHeight(int)
[ INFO ] [2018-11-15 15:43:16] org.springframework.web.servlet.mvc.method.annotation.RequestMappingHandlerMapping [547] - Mapped "{[/api/v1/mainchain/getblkheight],methods=[GET]}" onto public com.github.ontio.paramBean.Result com.github.ontio.controller.MainChainController.getMainBlkHeight()
[ INFO ] [2018-11-15 15:43:16] org.springframework.web.servlet.mvc.method.annotation.RequestMappingHandlerMapping [547] - Mapped "{[/api/v1/mainchain/getnotifybytxhash/{txhash}],methods=[GET]}" onto public com.github.ontio.paramBean.Result com.github.ontio.controller.MainChainController.getNotifyByTxhash(java.lang.String)
[ INFO ] [2018-11-15 15:43:16] org.springframework.web.servlet.mvc.method.annotation.RequestMappingHandlerMapping [547] - Mapped "{[/api/v1/mainchain/getnotifybypage/{pagesize}/{pagenumber}],methods=[GET]}" onto public com.github.ontio.paramBean.Result com.github.ontio.controller.MainChainController.getMainNotify(java.lang.Integer,java.lang.Integer)
[ INFO ] [2018-11-15 15:43:16] org.springframework.web.servlet.mvc.method.annotation.RequestMappingHandlerMapping [547] - Mapped "{[/api/v1/sendtx/getsendtxbytxhash/{txhash}],methods=[GET]}" onto public com.github.ontio.paramBean.Result com.github.ontio.controller.SendTxController.getSendTxByTxhash(java.lang.String)
[ INFO ] [2018-11-15 15:43:16] org.springframework.web.servlet.mvc.method.annotation.RequestMappingHandlerMapping [547] - Mapped "{[/api/v1/sendtx/getsendtxbypage/{pagesize}/{pagenumber}],methods=[GET]}" onto public com.github.ontio.paramBean.Result com.github.ontio.controller.SendTxController.getSendTx(java.lang.Integer,java.lang.Integer)
[ INFO ] [2018-11-15 15:43:16] org.springframework.web.servlet.mvc.method.annotation.RequestMappingHandlerMapping [547] - Mapped "{[/api/v1/sendtx/getsendtxdetailbytxhash/{txhash}],methods=[GET]}" onto public com.github.ontio.paramBean.Result com.github.ontio.controller.SendTxController.getsendTxDetailByTxhash(java.lang.String)
[ INFO ] [2018-11-15 15:43:16] org.springframework.web.servlet.mvc.method.annotation.RequestMappingHandlerMapping [547] - Mapped "{[/api/v1/sendtx/getsendtxdetailbypage/{pagesize}/{pagenumber}],methods=[GET]}" onto public com.github.ontio.paramBean.Result com.github.ontio.controller.SendTxController.getMainNotifyAll(java.lang.Integer,java.lang.Integer)
[ INFO ] [2018-11-15 15:43:16] org.springframework.web.servlet.mvc.method.annotation.RequestMappingHandlerMapping [547] - Mapped "{[/api/v1/sidechain/getnotifybyheight/{height}],methods=[GET]}" onto public com.github.ontio.paramBean.Result com.github.ontio.controller.SideChainController.getMainBlkHeight(int)
[ INFO ] [2018-11-15 15:43:16] org.springframework.web.servlet.mvc.method.annotation.RequestMappingHandlerMapping [547] - Mapped "{[/api/v1/sidechain/getblkheight],methods=[GET]}" onto public com.github.ontio.paramBean.Result com.github.ontio.controller.SideChainController.getMainBlkHeight()
[ INFO ] [2018-11-15 15:43:16] org.springframework.web.servlet.mvc.method.annotation.RequestMappingHandlerMapping [547] - Mapped "{[/api/v1/sidechain/getnotifybytxhash/{txhash}],methods=[GET]}" onto public com.github.ontio.paramBean.Result com.github.ontio.controller.SideChainController.getNotifyByTxhash(java.lang.String)
[ INFO ] [2018-11-15 15:43:16] org.springframework.web.servlet.mvc.method.annotation.RequestMappingHandlerMapping [547] - Mapped "{[/api/v1/sidechain/getnotifybypage/{pagesize}/{pagenumber}],methods=[GET]}" onto public com.github.ontio.paramBean.Result com.github.ontio.controller.SideChainController.getMainNotifyByPage(java.lang.Integer,java.lang.Integer)
[ INFO ] [2018-11-15 15:43:16] org.springframework.web.servlet.mvc.method.annotation.RequestMappingHandlerMapping [547] - Mapped "{[/error]}" onto public org.springframework.http.ResponseEntity<java.util.Map<java.lang.String, java.lang.Object>> org.springframework.boot.autoconfigure.web.servlet.error.BasicErrorController.error(javax.servlet.http.HttpServletRequest)
[ INFO ] [2018-11-15 15:43:16] org.springframework.web.servlet.mvc.method.annotation.RequestMappingHandlerMapping [547] - Mapped "{[/error],produces=[text/html]}" onto public org.springframework.web.servlet.ModelAndView org.springframework.boot.autoconfigure.web.servlet.error.BasicErrorController.errorHtml(javax.servlet.http.HttpServletRequest,javax.servlet.http.HttpServletResponse)
[ INFO ] [2018-11-15 15:43:16] org.springframework.web.servlet.handler.SimpleUrlHandlerMapping [373] - Mapped URL path [/webjars/**] onto handler of type [class org.springframework.web.servlet.resource.ResourceHttpRequestHandler]
[ INFO ] [2018-11-15 15:43:16] org.springframework.web.servlet.handler.SimpleUrlHandlerMapping [373] - Mapped URL path [/**] onto handler of type [class org.springframework.web.servlet.resource.ResourceHttpRequestHandler]
[ INFO ] [2018-11-15 15:43:17] org.springframework.jmx.export.annotation.AnnotationMBeanExporter [433] - Registering beans for JMX exposure on startup
[ INFO ] [2018-11-15 15:43:17] org.springframework.jmx.export.annotation.AnnotationMBeanExporter [895] - Bean with name 'dataSource' has been autodetected for JMX exposure
[ INFO ] [2018-11-15 15:43:17] org.springframework.jmx.export.annotation.AnnotationMBeanExporter [668] - Located MBean 'dataSource': registering with JMX server as MBean [com.zaxxer.hikari:name=dataSource,type=HikariDataSource]
[ INFO ] [2018-11-15 15:43:17] org.apache.coyote.http11.Http11NioProtocol [180] - Starting ProtocolHandler ["http-nio-8585"]
[ INFO ] [2018-11-15 15:43:17] org.apache.tomcat.util.net.NioSelectorPool [180] - Using a shared selector for servlet write/read
[ INFO ] [2018-11-15 15:43:17] org.springframework.boot.web.embedded.tomcat.TomcatWebServer [206] - Tomcat started on port(s): 8585 (http) with context path ''
[ INFO ] [2018-11-15 15:43:17] com.github.ontio.ExplorerApplication [59] - Started ExplorerApplication in 3.249 seconds (JVM running for 3.809)
[ INFO ] [2018-11-15 15:43:27] org.apache.catalina.core.ContainerBase.[Tomcat].[localhost].[/] [180] - Initializing Spring FrameworkServlet 'dispatcherServlet'
[ INFO ] [2018-11-15 15:43:27] org.springframework.web.servlet.DispatcherServlet [494] - FrameworkServlet 'dispatcherServlet': initialization started
[ INFO ] [2018-11-15 15:43:27] org.springframework.web.servlet.DispatcherServlet [509] - FrameworkServlet 'dispatcherServlet': initialization completed in 14 ms
[ INFO ] [2018-11-15 15:43:29] com.github.ontio.controller.CommitPosController [81] - ########SideChainController.getMainNotifyByPage begin...
[ INFO ] [2018-11-15 15:43:29] com.zaxxer.hikari.HikariDataSource [110] - HikariPool-1 - Starting...
[ INFO ] [2018-11-15 15:43:29] com.zaxxer.hikari.HikariDataSource [123] - HikariPool-1 - Start completed.
[ DEBUG] [2018-11-15 15:43:29] dao.com.github.ontio.dao.NotifyMapper.selectSideNotifyByPage [159] - ==>  Preparing: select blkHeight, TxHash, ContractAddress, funcName, sideChainId,address,amount from tbl_sidechain_notify order by id DESC limit ?, ? 
[ DEBUG] [2018-11-15 15:43:29] dao.com.github.ontio.dao.NotifyMapper.selectSideNotifyByPage [159] - ==> Parameters: 0(Integer), 5(Integer)
[ DEBUG] [2018-11-15 15:43:29] dao.com.github.ontio.dao.NotifyMapper.selectSideNotifyByPage [159] - <==      Total: 0
[ INFO ] [2018-11-15 15:43:46] org.springframework.boot.web.servlet.context.AnnotationConfigServletWebServerApplicationContext [993] - Closing org.springframework.boot.web.servlet.context.AnnotationConfigServletWebServerApplicationContext@35cabb2a: startup date [Thu Nov 15 15:43:14 CST 2018]; root of context hierarchy
[ INFO ] [2018-11-15 15:43:46] org.springframework.jmx.export.annotation.AnnotationMBeanExporter [451] - Unregistering JMX-exposed beans on shutdown
[ INFO ] [2018-11-15 15:43:46] org.springframework.jmx.export.annotation.AnnotationMBeanExporter [183] - Unregistering JMX-exposed beans
[ INFO ] [2018-11-15 15:43:46] com.zaxxer.hikari.HikariDataSource [381] - HikariPool-1 - Shutdown initiated...
[ INFO ] [2018-11-15 15:43:46] com.zaxxer.hikari.HikariDataSource [383] - HikariPool-1 - Shutdown completed.
[ INFO ] [2018-11-15 16:04:53] com.github.ontio.ExplorerApplication [50] - Starting ExplorerApplication on sss with PID 41388 (/Users/sss/dev/localgit/javaProject/sidechainserver/target/classes started by sss in /Users/sss/dev/localgit/javaProject/sidechainserver)
[ DEBUG] [2018-11-15 16:04:53] com.github.ontio.ExplorerApplication [53] - Running with Spring Boot v2.0.3.RELEASE, Spring v5.0.7.RELEASE
[ INFO ] [2018-11-15 16:04:53] com.github.ontio.ExplorerApplication [663] - The following profiles are active: uat
[ INFO ] [2018-11-15 16:04:53] org.springframework.boot.web.servlet.context.AnnotationConfigServletWebServerApplicationContext [590] - Refreshing org.springframework.boot.web.servlet.context.AnnotationConfigServletWebServerApplicationContext@2d7275fc: startup date [Thu Nov 15 16:04:53 CST 2018]; root of context hierarchy
[ WARN ] [2018-11-15 16:04:53] org.mybatis.spring.mapper.ClassPathMapperScanner [239] - Skipping MapperFactoryBean with name 'BlkHeightMainMapper' and 'com.github.ontio.dao.BlkHeightMainMapper' mapperInterface. Bean already defined with the same name!
[ WARN ] [2018-11-15 16:04:53] org.mybatis.spring.mapper.ClassPathMapperScanner [239] - Skipping MapperFactoryBean with name 'BlkHeightSideMapper' and 'com.github.ontio.dao.BlkHeightSideMapper' mapperInterface. Bean already defined with the same name!
[ WARN ] [2018-11-15 16:04:53] org.mybatis.spring.mapper.ClassPathMapperScanner [239] - Skipping MapperFactoryBean with name 'NotifyMapper' and 'com.github.ontio.dao.NotifyMapper' mapperInterface. Bean already defined with the same name!
[ WARN ] [2018-11-15 16:04:53] org.mybatis.spring.mapper.ClassPathMapperScanner [239] - Skipping MapperFactoryBean with name 'SendTxDetailMapper' and 'com.github.ontio.dao.SendTxDetailMapper' mapperInterface. Bean already defined with the same name!
[ WARN ] [2018-11-15 16:04:53] org.mybatis.spring.mapper.ClassPathMapperScanner [239] - Skipping MapperFactoryBean with name 'SendTxMsgInfoMapper' and 'com.github.ontio.dao.SendTxMsgInfoMapper' mapperInterface. Bean already defined with the same name!
[ WARN ] [2018-11-15 16:04:53] org.mybatis.spring.mapper.ClassPathMapperScanner [166] - No MyBatis mapper was found in '[com.github.ontio.dao]' package. Please check your configuration.
[ WARN ] [2018-11-15 16:04:53] org.mybatis.spring.mapper.ClassPathMapperScanner [239] - Skipping MapperFactoryBean with name 'BlkHeightMainMapper' and 'com.github.ontio.dao.BlkHeightMainMapper' mapperInterface. Bean already defined with the same name!
[ WARN ] [2018-11-15 16:04:53] org.mybatis.spring.mapper.ClassPathMapperScanner [239] - Skipping MapperFactoryBean with name 'BlkHeightSideMapper' and 'com.github.ontio.dao.BlkHeightSideMapper' mapperInterface. Bean already defined with the same name!
[ WARN ] [2018-11-15 16:04:53] org.mybatis.spring.mapper.ClassPathMapperScanner [239] - Skipping MapperFactoryBean with name 'NotifyMapper' and 'com.github.ontio.dao.NotifyMapper' mapperInterface. Bean already defined with the same name!
[ WARN ] [2018-11-15 16:04:53] org.mybatis.spring.mapper.ClassPathMapperScanner [239] - Skipping MapperFactoryBean with name 'SendTxDetailMapper' and 'com.github.ontio.dao.SendTxDetailMapper' mapperInterface. Bean already defined with the same name!
[ WARN ] [2018-11-15 16:04:53] org.mybatis.spring.mapper.ClassPathMapperScanner [239] - Skipping MapperFactoryBean with name 'SendTxMsgInfoMapper' and 'com.github.ontio.dao.SendTxMsgInfoMapper' mapperInterface. Bean already defined with the same name!
[ WARN ] [2018-11-15 16:04:53] org.mybatis.spring.mapper.ClassPathMapperScanner [166] - No MyBatis mapper was found in '[com.github.ontio.dao]' package. Please check your configuration.
[ WARN ] [2018-11-15 16:04:53] org.mybatis.spring.mapper.ClassPathMapperScanner [239] - Skipping MapperFactoryBean with name 'BlkHeightMainMapper' and 'com.github.ontio.dao.BlkHeightMainMapper' mapperInterface. Bean already defined with the same name!
[ WARN ] [2018-11-15 16:04:53] org.mybatis.spring.mapper.ClassPathMapperScanner [239] - Skipping MapperFactoryBean with name 'BlkHeightSideMapper' and 'com.github.ontio.dao.BlkHeightSideMapper' mapperInterface. Bean already defined with the same name!
[ WARN ] [2018-11-15 16:04:53] org.mybatis.spring.mapper.ClassPathMapperScanner [239] - Skipping MapperFactoryBean with name 'NotifyMapper' and 'com.github.ontio.dao.NotifyMapper' mapperInterface. Bean already defined with the same name!
[ WARN ] [2018-11-15 16:04:53] org.mybatis.spring.mapper.ClassPathMapperScanner [239] - Skipping MapperFactoryBean with name 'SendTxDetailMapper' and 'com.github.ontio.dao.SendTxDetailMapper' mapperInterface. Bean already defined with the same name!
[ WARN ] [2018-11-15 16:04:53] org.mybatis.spring.mapper.ClassPathMapperScanner [239] - Skipping MapperFactoryBean with name 'SendTxMsgInfoMapper' and 'com.github.ontio.dao.SendTxMsgInfoMapper' mapperInterface. Bean already defined with the same name!
[ WARN ] [2018-11-15 16:04:53] org.mybatis.spring.mapper.ClassPathMapperScanner [166] - No MyBatis mapper was found in '[com.github.ontio.dao]' package. Please check your configuration.
[ INFO ] [2018-11-15 16:04:53] org.springframework.data.repository.config.RepositoryConfigurationDelegate [163] - Multiple Spring Data modules found, entering strict repository configuration mode!
[ INFO ] [2018-11-15 16:04:54] org.springframework.context.support.PostProcessorRegistrationDelegate$BeanPostProcessorChecker [328] - Bean 'org.springframework.ws.config.annotation.DelegatingWsConfiguration' of type [org.springframework.ws.config.annotation.DelegatingWsConfiguration$$EnhancerBySpringCGLIB$$6b0f0f7c] is not eligible for getting processed by all BeanPostProcessors (for example: not eligible for auto-proxying)
[ INFO ] [2018-11-15 16:04:54] org.springframework.ws.soap.addressing.server.AnnotationActionEndpointMapping [236] - Supporting [WS-Addressing August 2004, WS-Addressing 1.0]
[ INFO ] [2018-11-15 16:04:54] org.springframework.context.support.PostProcessorRegistrationDelegate$BeanPostProcessorChecker [328] - Bean 'org.springframework.transaction.annotation.ProxyTransactionManagementConfiguration' of type [org.springframework.transaction.annotation.ProxyTransactionManagementConfiguration$$EnhancerBySpringCGLIB$$c6774a7d] is not eligible for getting processed by all BeanPostProcessors (for example: not eligible for auto-proxying)
[ INFO ] [2018-11-15 16:04:54] org.springframework.boot.web.embedded.tomcat.TomcatWebServer [91] - Tomcat initialized with port(s): 8585 (http)
[ INFO ] [2018-11-15 16:04:54] org.apache.coyote.http11.Http11NioProtocol [180] - Initializing ProtocolHandler ["http-nio-8585"]
[ INFO ] [2018-11-15 16:04:54] org.apache.catalina.core.StandardService [180] - Starting service [Tomcat]
[ INFO ] [2018-11-15 16:04:54] org.apache.catalina.core.StandardEngine [180] - Starting Servlet Engine: Apache Tomcat/8.5.31
[ INFO ] [2018-11-15 16:04:54] org.apache.catalina.core.AprLifecycleListener [180] - The APR based Apache Tomcat Native library which allows optimal performance in production environments was not found on the java.library.path: [/Users/sss/Library/Java/Extensions:/Library/Java/Extensions:/Network/Library/Java/Extensions:/System/Library/Java/Extensions:/usr/lib/java:.]
[ INFO ] [2018-11-15 16:04:54] org.apache.catalina.core.ContainerBase.[Tomcat].[localhost].[/] [180] - Initializing Spring embedded WebApplicationContext
[ INFO ] [2018-11-15 16:04:54] org.springframework.web.context.ContextLoader [285] - Root WebApplicationContext: initialization completed in 1401 ms
[ INFO ] [2018-11-15 16:04:54] org.springframework.boot.web.servlet.ServletRegistrationBean [186] - Servlet dispatcherServlet mapped to [/]
[ INFO ] [2018-11-15 16:04:54] org.springframework.boot.web.servlet.ServletRegistrationBean [186] - Servlet messageDispatcherServlet mapped to [/services/*]
[ INFO ] [2018-11-15 16:04:54] org.springframework.boot.web.servlet.FilterRegistrationBean [245] - Mapping filter: 'characterEncodingFilter' to: [/*]
[ INFO ] [2018-11-15 16:04:54] org.springframework.boot.web.servlet.FilterRegistrationBean [245] - Mapping filter: 'hiddenHttpMethodFilter' to: [/*]
[ INFO ] [2018-11-15 16:04:54] org.springframework.boot.web.servlet.FilterRegistrationBean [245] - Mapping filter: 'httpPutFormContentFilter' to: [/*]
[ INFO ] [2018-11-15 16:04:54] org.springframework.boot.web.servlet.FilterRegistrationBean [245] - Mapping filter: 'requestContextFilter' to: [/*]
[ INFO ] [2018-11-15 16:04:54] org.springframework.boot.web.servlet.FilterRegistrationBean [245] - Mapping filter: 'simpleCORSFilter' to: [/*]
[ INFO ] [2018-11-15 16:04:54] org.springframework.web.servlet.handler.SimpleUrlHandlerMapping [373] - Mapped URL path [/**/favicon.ico] onto handler of type [class org.springframework.web.servlet.resource.ResourceHttpRequestHandler]
[ INFO ] [2018-11-15 16:04:55] org.springframework.web.servlet.mvc.method.annotation.RequestMappingHandlerAdapter [574] - Looking for @ControllerAdvice: org.springframework.boot.web.servlet.context.AnnotationConfigServletWebServerApplicationContext@2d7275fc: startup date [Thu Nov 15 16:04:53 CST 2018]; root of context hierarchy
[ INFO ] [2018-11-15 16:04:55] org.springframework.web.servlet.mvc.method.annotation.RequestMappingHandlerMapping [547] - Mapped "{[/api/v1/commitdpos/getsidechaindata],methods=[GET]}" onto public com.github.ontio.paramBean.Result com.github.ontio.controller.CommitPosController.querySideChainData()
[ INFO ] [2018-11-15 16:04:55] org.springframework.web.servlet.mvc.method.annotation.RequestMappingHandlerMapping [547] - Mapped "{[/api/v1/mainchain/getnotifybyheight/{height}],methods=[GET]}" onto public com.github.ontio.paramBean.Result com.github.ontio.controller.MainChainController.getMainBlkHeight(int)
[ INFO ] [2018-11-15 16:04:55] org.springframework.web.servlet.mvc.method.annotation.RequestMappingHandlerMapping [547] - Mapped "{[/api/v1/mainchain/getblkheight],methods=[GET]}" onto public com.github.ontio.paramBean.Result com.github.ontio.controller.MainChainController.getMainBlkHeight()
[ INFO ] [2018-11-15 16:04:55] org.springframework.web.servlet.mvc.method.annotation.RequestMappingHandlerMapping [547] - Mapped "{[/api/v1/mainchain/getnotifybytxhash/{txhash}],methods=[GET]}" onto public com.github.ontio.paramBean.Result com.github.ontio.controller.MainChainController.getNotifyByTxhash(java.lang.String)
[ INFO ] [2018-11-15 16:04:55] org.springframework.web.servlet.mvc.method.annotation.RequestMappingHandlerMapping [547] - Mapped "{[/api/v1/mainchain/getnotifybypage/{pagesize}/{pagenumber}],methods=[GET]}" onto public com.github.ontio.paramBean.Result com.github.ontio.controller.MainChainController.getMainNotify(java.lang.Integer,java.lang.Integer)
[ INFO ] [2018-11-15 16:04:55] org.springframework.web.servlet.mvc.method.annotation.RequestMappingHandlerMapping [547] - Mapped "{[/api/v1/sendtx/getsendtxbytxhash/{txhash}],methods=[GET]}" onto public com.github.ontio.paramBean.Result com.github.ontio.controller.SendTxController.getSendTxByTxhash(java.lang.String)
[ INFO ] [2018-11-15 16:04:55] org.springframework.web.servlet.mvc.method.annotation.RequestMappingHandlerMapping [547] - Mapped "{[/api/v1/sendtx/getsendtxbypage/{pagesize}/{pagenumber}],methods=[GET]}" onto public com.github.ontio.paramBean.Result com.github.ontio.controller.SendTxController.getSendTx(java.lang.Integer,java.lang.Integer)
[ INFO ] [2018-11-15 16:04:55] org.springframework.web.servlet.mvc.method.annotation.RequestMappingHandlerMapping [547] - Mapped "{[/api/v1/sendtx/getsendtxdetailbytxhash/{txhash}],methods=[GET]}" onto public com.github.ontio.paramBean.Result com.github.ontio.controller.SendTxController.getsendTxDetailByTxhash(java.lang.String)
[ INFO ] [2018-11-15 16:04:55] org.springframework.web.servlet.mvc.method.annotation.RequestMappingHandlerMapping [547] - Mapped "{[/api/v1/sendtx/getsendtxdetailbypage/{pagesize}/{pagenumber}],methods=[GET]}" onto public com.github.ontio.paramBean.Result com.github.ontio.controller.SendTxController.getMainNotifyAll(java.lang.Integer,java.lang.Integer)
[ INFO ] [2018-11-15 16:04:55] org.springframework.web.servlet.mvc.method.annotation.RequestMappingHandlerMapping [547] - Mapped "{[/api/v1/sidechain/getnotifybypage/{pagesize}/{pagenumber}],methods=[GET]}" onto public com.github.ontio.paramBean.Result com.github.ontio.controller.SideChainController.getMainNotifyByPage(java.lang.Integer,java.lang.Integer)
[ INFO ] [2018-11-15 16:04:55] org.springframework.web.servlet.mvc.method.annotation.RequestMappingHandlerMapping [547] - Mapped "{[/api/v1/sidechain/getnotifybyheight/{height}],methods=[GET]}" onto public com.github.ontio.paramBean.Result com.github.ontio.controller.SideChainController.getMainBlkHeight(int)
[ INFO ] [2018-11-15 16:04:55] org.springframework.web.servlet.mvc.method.annotation.RequestMappingHandlerMapping [547] - Mapped "{[/api/v1/sidechain/getblkheight],methods=[GET]}" onto public com.github.ontio.paramBean.Result com.github.ontio.controller.SideChainController.getMainBlkHeight()
[ INFO ] [2018-11-15 16:04:55] org.springframework.web.servlet.mvc.method.annotation.RequestMappingHandlerMapping [547] - Mapped "{[/api/v1/sidechain/getnotifybytxhash/{txhash}],methods=[GET]}" onto public com.github.ontio.paramBean.Result com.github.ontio.controller.SideChainController.getNotifyByTxhash(java.lang.String)
[ INFO ] [2018-11-15 16:04:55] org.springframework.web.servlet.mvc.method.annotation.RequestMappingHandlerMapping [547] - Mapped "{[/error]}" onto public org.springframework.http.ResponseEntity<java.util.Map<java.lang.String, java.lang.Object>> org.springframework.boot.autoconfigure.web.servlet.error.BasicErrorController.error(javax.servlet.http.HttpServletRequest)
[ INFO ] [2018-11-15 16:04:55] org.springframework.web.servlet.mvc.method.annotation.RequestMappingHandlerMapping [547] - Mapped "{[/error],produces=[text/html]}" onto public org.springframework.web.servlet.ModelAndView org.springframework.boot.autoconfigure.web.servlet.error.BasicErrorController.errorHtml(javax.servlet.http.HttpServletRequest,javax.servlet.http.HttpServletResponse)
[ INFO ] [2018-11-15 16:04:55] org.springframework.web.servlet.handler.SimpleUrlHandlerMapping [373] - Mapped URL path [/webjars/**] onto handler of type [class org.springframework.web.servlet.resource.ResourceHttpRequestHandler]
[ INFO ] [2018-11-15 16:04:55] org.springframework.web.servlet.handler.SimpleUrlHandlerMapping [373] - Mapped URL path [/**] onto handler of type [class org.springframework.web.servlet.resource.ResourceHttpRequestHandler]
[ INFO ] [2018-11-15 16:04:55] org.springframework.jmx.export.annotation.AnnotationMBeanExporter [433] - Registering beans for JMX exposure on startup
[ INFO ] [2018-11-15 16:04:55] org.springframework.jmx.export.annotation.AnnotationMBeanExporter [895] - Bean with name 'dataSource' has been autodetected for JMX exposure
[ INFO ] [2018-11-15 16:04:55] org.springframework.jmx.export.annotation.AnnotationMBeanExporter [668] - Located MBean 'dataSource': registering with JMX server as MBean [com.zaxxer.hikari:name=dataSource,type=HikariDataSource]
[ INFO ] [2018-11-15 16:04:55] org.apache.coyote.http11.Http11NioProtocol [180] - Starting ProtocolHandler ["http-nio-8585"]
[ INFO ] [2018-11-15 16:04:56] org.apache.tomcat.util.net.NioSelectorPool [180] - Using a shared selector for servlet write/read
[ INFO ] [2018-11-15 16:04:56] org.springframework.boot.web.embedded.tomcat.TomcatWebServer [206] - Tomcat started on port(s): 8585 (http) with context path ''
[ INFO ] [2018-11-15 16:04:56] com.github.ontio.ExplorerApplication [59] - Started ExplorerApplication in 3.485 seconds (JVM running for 4.518)
[ INFO ] [2018-11-15 16:05:02] org.apache.catalina.core.ContainerBase.[Tomcat].[localhost].[/] [180] - Initializing Spring FrameworkServlet 'dispatcherServlet'
[ INFO ] [2018-11-15 16:05:02] org.springframework.web.servlet.DispatcherServlet [494] - FrameworkServlet 'dispatcherServlet': initialization started
[ INFO ] [2018-11-15 16:05:02] org.springframework.web.servlet.DispatcherServlet [509] - FrameworkServlet 'dispatcherServlet': initialization completed in 14 ms
[ INFO ] [2018-11-15 16:05:03] com.github.ontio.controller.CommitPosController [81] - ########SideChainController.getMainNotifyByPage begin...
[ INFO ] [2018-11-15 16:05:03] com.zaxxer.hikari.HikariDataSource [110] - HikariPool-1 - Starting...
[ INFO ] [2018-11-15 16:05:03] com.zaxxer.hikari.HikariDataSource [123] - HikariPool-1 - Start completed.
[ DEBUG] [2018-11-15 16:05:03] dao.com.github.ontio.dao.NotifyMapper.selectSideNotifyByPage [159] - ==>  Preparing: select blkHeight, TxHash, ContractAddress, funcName, sideChainId,address,amount from tbl_sidechain_notify order by id DESC limit ?, ? 
[ DEBUG] [2018-11-15 16:05:03] dao.com.github.ontio.dao.NotifyMapper.selectSideNotifyByPage [159] - ==> Parameters: 0(Integer), 5(Integer)
[ DEBUG] [2018-11-15 16:05:04] dao.com.github.ontio.dao.NotifyMapper.selectSideNotifyByPage [159] - <==      Total: 5
[ INFO ] [2018-11-15 16:07:10] com.github.ontio.controller.CommitPosController [51] - ########SendTxController.getSendTx begin...
[ INFO ] [2018-11-15 16:07:10] com.github.ontio.controller.CommitPosController [52] - pageSize:5, pageNumber1
[ DEBUG] [2018-11-15 16:07:10] dao.com.github.ontio.dao.SendTxMsgInfoMapper.selectSendTxByPage [159] - ==>  Preparing: select txhash, nodeUrl,functionName,result,description from tbl_sendtx_msginfo order by id DESC limit ?, ? 
[ DEBUG] [2018-11-15 16:07:10] dao.com.github.ontio.dao.SendTxMsgInfoMapper.selectSendTxByPage [159] - ==> Parameters: 0(Integer), 5(Integer)
[ DEBUG] [2018-11-15 16:07:10] dao.com.github.ontio.dao.SendTxMsgInfoMapper.selectSendTxByPage [159] - <==      Total: 5
[ INFO ] [2018-11-15 16:09:02] com.github.ontio.controller.CommitPosController [35] - ########SendTxController.getSendTxByTxhash begin...
[ DEBUG] [2018-11-15 16:09:02] dao.com.github.ontio.dao.SendTxMsgInfoMapper.selectSendTxByHash [159] - ==>  Preparing: select txhash, nodeUrl,functionName,result,description from tbl_sendtx_msginfo where txhash = ? 
[ DEBUG] [2018-11-15 16:09:02] dao.com.github.ontio.dao.SendTxMsgInfoMapper.selectSendTxByHash [159] - ==> Parameters: 5d106bf5f6dc866834323aba3ce153720d691269033658b55ec53386de61457c(String)
[ DEBUG] [2018-11-15 16:09:02] dao.com.github.ontio.dao.SendTxMsgInfoMapper.selectSendTxByHash [159] - <==      Total: 1
[ INFO ] [2018-11-15 16:10:35] com.github.ontio.controller.CommitPosController [51] - ########SendTxController.getSendTx begin...
[ INFO ] [2018-11-15 16:10:35] com.github.ontio.controller.CommitPosController [52] - pageSize:5, pageNumber1
[ DEBUG] [2018-11-15 16:10:35] dao.com.github.ontio.dao.SendTxMsgInfoMapper.selectSendTxByPage [159] - ==>  Preparing: select txhash, nodeUrl,functionName,result,description from tbl_sendtx_msginfo order by id DESC limit ?, ? 
[ DEBUG] [2018-11-15 16:10:35] dao.com.github.ontio.dao.SendTxMsgInfoMapper.selectSendTxByPage [159] - ==> Parameters: 0(Integer), 5(Integer)
[ DEBUG] [2018-11-15 16:10:35] dao.com.github.ontio.dao.SendTxMsgInfoMapper.selectSendTxByPage [159] - <==      Total: 5
[ INFO ] [2018-11-15 16:10:38] com.github.ontio.controller.CommitPosController [82] - ########SendTxController.getMainNotifyAll begin...
[ DEBUG] [2018-11-15 16:10:38] dao.com.github.ontio.dao.SendTxDetailMapper.selectSendTxDetailByPage [159] - ==>  Preparing: select txhash, blkHeight, amount, chainType, nodeUrl,functionName,sideChainId,address from tbl_sendtx_detail order by id DESC limit ?, ? 
[ DEBUG] [2018-11-15 16:10:38] dao.com.github.ontio.dao.SendTxDetailMapper.selectSendTxDetailByPage [159] - ==> Parameters: 0(Integer), 5(Integer)
[ DEBUG] [2018-11-15 16:10:38] dao.com.github.ontio.dao.SendTxDetailMapper.selectSendTxDetailByPage [159] - <==      Total: 5
[ INFO ] [2018-11-15 16:12:29] com.github.ontio.controller.CommitPosController [66] - ########SendTxController.getsendTxDetailByTxhash begin...
[ ERROR] [2018-11-15 16:12:29] org.apache.catalina.core.ContainerBase.[Tomcat].[localhost].[/].[dispatcherServlet] [182] - Servlet.service() for servlet [dispatcherServlet] in context with path [] threw exception [Request processing failed; nested exception is org.apache.ibatis.binding.BindingException: Invalid bound statement (not found): com.github.ontio.dao.SendTxDetailMapper.selectSendTxDetailByHash] with root cause
org.apache.ibatis.binding.BindingException: Invalid bound statement (not found): com.github.ontio.dao.SendTxDetailMapper.selectSendTxDetailByHash
	at org.apache.ibatis.binding.MapperMethod$SqlCommand.<init>(MapperMethod.java:227)
	at org.apache.ibatis.binding.MapperMethod.<init>(MapperMethod.java:49)
	at org.apache.ibatis.binding.MapperProxy.cachedMapperMethod(MapperProxy.java:65)
	at org.apache.ibatis.binding.MapperProxy.invoke(MapperProxy.java:58)
	at com.sun.proxy.$Proxy73.selectSendTxDetailByHash(Unknown Source)
	at com.github.ontio.service.impl.SendTxServiceImpl.getsendTxDetailByTxhash(SendTxServiceImpl.java:62)
	at com.github.ontio.controller.SendTxController.getsendTxDetailByTxhash(SendTxController.java:67)
	at sun.reflect.NativeMethodAccessorImpl.invoke0(Native Method)
	at sun.reflect.NativeMethodAccessorImpl.invoke(NativeMethodAccessorImpl.java:62)
	at sun.reflect.DelegatingMethodAccessorImpl.invoke(DelegatingMethodAccessorImpl.java:43)
	at java.lang.reflect.Method.invoke(Method.java:498)
	at org.springframework.web.method.support.InvocableHandlerMethod.doInvoke(InvocableHandlerMethod.java:209)
	at org.springframework.web.method.support.InvocableHandlerMethod.invokeForRequest(InvocableHandlerMethod.java:136)
	at org.springframework.web.servlet.mvc.method.annotation.ServletInvocableHandlerMethod.invokeAndHandle(ServletInvocableHandlerMethod.java:102)
	at org.springframework.web.servlet.mvc.method.annotation.RequestMappingHandlerAdapter.invokeHandlerMethod(RequestMappingHandlerAdapter.java:877)
	at org.springframework.web.servlet.mvc.method.annotation.RequestMappingHandlerAdapter.handleInternal(RequestMappingHandlerAdapter.java:783)
	at org.springframework.web.servlet.mvc.method.AbstractHandlerMethodAdapter.handle(AbstractHandlerMethodAdapter.java:87)
	at org.springframework.web.servlet.DispatcherServlet.doDispatch(DispatcherServlet.java:991)
	at org.springframework.web.servlet.DispatcherServlet.doService(DispatcherServlet.java:925)
	at org.springframework.web.servlet.FrameworkServlet.processRequest(FrameworkServlet.java:974)
	at org.springframework.web.servlet.FrameworkServlet.doGet(FrameworkServlet.java:866)
	at javax.servlet.http.HttpServlet.service(HttpServlet.java:635)
	at org.springframework.web.servlet.FrameworkServlet.service(FrameworkServlet.java:851)
	at javax.servlet.http.HttpServlet.service(HttpServlet.java:742)
	at org.apache.catalina.core.ApplicationFilterChain.internalDoFilter(ApplicationFilterChain.java:231)
	at org.apache.catalina.core.ApplicationFilterChain.doFilter(ApplicationFilterChain.java:166)
	at org.apache.tomcat.websocket.server.WsFilter.doFilter(WsFilter.java:52)
	at org.apache.catalina.core.ApplicationFilterChain.internalDoFilter(ApplicationFilterChain.java:193)
	at org.apache.catalina.core.ApplicationFilterChain.doFilter(ApplicationFilterChain.java:166)
	at com.github.ontio.SimpleCORSFilter.doFilter(SimpleCORSFilter.java:53)
	at org.apache.catalina.core.ApplicationFilterChain.internalDoFilter(ApplicationFilterChain.java:193)
	at org.apache.catalina.core.ApplicationFilterChain.doFilter(ApplicationFilterChain.java:166)
	at org.springframework.web.filter.RequestContextFilter.doFilterInternal(RequestContextFilter.java:99)
	at org.springframework.web.filter.OncePerRequestFilter.doFilter(OncePerRequestFilter.java:107)
	at org.apache.catalina.core.ApplicationFilterChain.internalDoFilter(ApplicationFilterChain.java:193)
	at org.apache.catalina.core.ApplicationFilterChain.doFilter(ApplicationFilterChain.java:166)
	at org.springframework.web.filter.HttpPutFormContentFilter.doFilterInternal(HttpPutFormContentFilter.java:109)
	at org.springframework.web.filter.OncePerRequestFilter.doFilter(OncePerRequestFilter.java:107)
	at org.apache.catalina.core.ApplicationFilterChain.internalDoFilter(ApplicationFilterChain.java:193)
	at org.apache.catalina.core.ApplicationFilterChain.doFilter(ApplicationFilterChain.java:166)
	at org.springframework.web.filter.HiddenHttpMethodFilter.doFilterInternal(HiddenHttpMethodFilter.java:93)
	at org.springframework.web.filter.OncePerRequestFilter.doFilter(OncePerRequestFilter.java:107)
	at org.apache.catalina.core.ApplicationFilterChain.internalDoFilter(ApplicationFilterChain.java:193)
	at org.apache.catalina.core.ApplicationFilterChain.doFilter(ApplicationFilterChain.java:166)
	at org.springframework.web.filter.CharacterEncodingFilter.doFilterInternal(CharacterEncodingFilter.java:200)
	at org.springframework.web.filter.OncePerRequestFilter.doFilter(OncePerRequestFilter.java:107)
	at org.apache.catalina.core.ApplicationFilterChain.internalDoFilter(ApplicationFilterChain.java:193)
	at org.apache.catalina.core.ApplicationFilterChain.doFilter(ApplicationFilterChain.java:166)
	at org.apache.catalina.core.StandardWrapperValve.invoke(StandardWrapperValve.java:198)
	at org.apache.catalina.core.StandardContextValve.invoke(StandardContextValve.java:96)
	at org.apache.catalina.authenticator.AuthenticatorBase.invoke(AuthenticatorBase.java:496)
	at org.apache.catalina.core.StandardHostValve.invoke(StandardHostValve.java:140)
	at org.apache.catalina.valves.ErrorReportValve.invoke(ErrorReportValve.java:81)
	at org.apache.catalina.core.StandardEngineValve.invoke(StandardEngineValve.java:87)
	at org.apache.catalina.connector.CoyoteAdapter.service(CoyoteAdapter.java:342)
	at org.apache.coyote.http11.Http11Processor.service(Http11Processor.java:803)
	at org.apache.coyote.AbstractProcessorLight.process(AbstractProcessorLight.java:66)
	at org.apache.coyote.AbstractProtocol$ConnectionHandler.process(AbstractProtocol.java:790)
	at org.apache.tomcat.util.net.NioEndpoint$SocketProcessor.doRun(NioEndpoint.java:1468)
	at org.apache.tomcat.util.net.SocketProcessorBase.run(SocketProcessorBase.java:49)
	at java.util.concurrent.ThreadPoolExecutor.runWorker(ThreadPoolExecutor.java:1142)
	at java.util.concurrent.ThreadPoolExecutor$Worker.run(ThreadPoolExecutor.java:617)
	at org.apache.tomcat.util.threads.TaskThread$WrappingRunnable.run(TaskThread.java:61)
	at java.lang.Thread.run(Thread.java:748)
[ INFO ] [2018-11-15 16:15:33] org.springframework.boot.web.servlet.context.AnnotationConfigServletWebServerApplicationContext [993] - Closing org.springframework.boot.web.servlet.context.AnnotationConfigServletWebServerApplicationContext@2d7275fc: startup date [Thu Nov 15 16:04:53 CST 2018]; root of context hierarchy
[ INFO ] [2018-11-15 16:15:33] org.springframework.jmx.export.annotation.AnnotationMBeanExporter [451] - Unregistering JMX-exposed beans on shutdown
[ INFO ] [2018-11-15 16:15:33] org.springframework.jmx.export.annotation.AnnotationMBeanExporter [183] - Unregistering JMX-exposed beans
[ INFO ] [2018-11-15 16:15:33] com.zaxxer.hikari.HikariDataSource [381] - HikariPool-1 - Shutdown initiated...
[ INFO ] [2018-11-15 16:15:33] com.zaxxer.hikari.HikariDataSource [383] - HikariPool-1 - Shutdown completed.
[ INFO ] [2018-11-15 16:15:42] com.github.ontio.ExplorerApplication [50] - Starting ExplorerApplication on sss with PID 41436 (/Users/sss/dev/localgit/javaProject/sidechainserver/target/classes started by sss in /Users/sss/dev/localgit/javaProject/sidechainserver)
[ DEBUG] [2018-11-15 16:15:42] com.github.ontio.ExplorerApplication [53] - Running with Spring Boot v2.0.3.RELEASE, Spring v5.0.7.RELEASE
[ INFO ] [2018-11-15 16:15:42] com.github.ontio.ExplorerApplication [663] - The following profiles are active: uat
[ INFO ] [2018-11-15 16:15:42] org.springframework.boot.web.servlet.context.AnnotationConfigServletWebServerApplicationContext [590] - Refreshing org.springframework.boot.web.servlet.context.AnnotationConfigServletWebServerApplicationContext@38c6f217: startup date [Thu Nov 15 16:15:42 CST 2018]; root of context hierarchy
[ WARN ] [2018-11-15 16:15:42] org.mybatis.spring.mapper.ClassPathMapperScanner [239] - Skipping MapperFactoryBean with name 'BlkHeightMainMapper' and 'com.github.ontio.dao.BlkHeightMainMapper' mapperInterface. Bean already defined with the same name!
[ WARN ] [2018-11-15 16:15:42] org.mybatis.spring.mapper.ClassPathMapperScanner [239] - Skipping MapperFactoryBean with name 'BlkHeightSideMapper' and 'com.github.ontio.dao.BlkHeightSideMapper' mapperInterface. Bean already defined with the same name!
[ WARN ] [2018-11-15 16:15:42] org.mybatis.spring.mapper.ClassPathMapperScanner [239] - Skipping MapperFactoryBean with name 'NotifyMapper' and 'com.github.ontio.dao.NotifyMapper' mapperInterface. Bean already defined with the same name!
[ WARN ] [2018-11-15 16:15:42] org.mybatis.spring.mapper.ClassPathMapperScanner [239] - Skipping MapperFactoryBean with name 'SendTxDetailMapper' and 'com.github.ontio.dao.SendTxDetailMapper' mapperInterface. Bean already defined with the same name!
[ WARN ] [2018-11-15 16:15:42] org.mybatis.spring.mapper.ClassPathMapperScanner [239] - Skipping MapperFactoryBean with name 'SendTxMsgInfoMapper' and 'com.github.ontio.dao.SendTxMsgInfoMapper' mapperInterface. Bean already defined with the same name!
[ WARN ] [2018-11-15 16:15:42] org.mybatis.spring.mapper.ClassPathMapperScanner [166] - No MyBatis mapper was found in '[com.github.ontio.dao]' package. Please check your configuration.
[ WARN ] [2018-11-15 16:15:42] org.mybatis.spring.mapper.ClassPathMapperScanner [239] - Skipping MapperFactoryBean with name 'BlkHeightMainMapper' and 'com.github.ontio.dao.BlkHeightMainMapper' mapperInterface. Bean already defined with the same name!
[ WARN ] [2018-11-15 16:15:42] org.mybatis.spring.mapper.ClassPathMapperScanner [239] - Skipping MapperFactoryBean with name 'BlkHeightSideMapper' and 'com.github.ontio.dao.BlkHeightSideMapper' mapperInterface. Bean already defined with the same name!
[ WARN ] [2018-11-15 16:15:42] org.mybatis.spring.mapper.ClassPathMapperScanner [239] - Skipping MapperFactoryBean with name 'NotifyMapper' and 'com.github.ontio.dao.NotifyMapper' mapperInterface. Bean already defined with the same name!
[ WARN ] [2018-11-15 16:15:42] org.mybatis.spring.mapper.ClassPathMapperScanner [239] - Skipping MapperFactoryBean with name 'SendTxDetailMapper' and 'com.github.ontio.dao.SendTxDetailMapper' mapperInterface. Bean already defined with the same name!
[ WARN ] [2018-11-15 16:15:42] org.mybatis.spring.mapper.ClassPathMapperScanner [239] - Skipping MapperFactoryBean with name 'SendTxMsgInfoMapper' and 'com.github.ontio.dao.SendTxMsgInfoMapper' mapperInterface. Bean already defined with the same name!
[ WARN ] [2018-11-15 16:15:42] org.mybatis.spring.mapper.ClassPathMapperScanner [166] - No MyBatis mapper was found in '[com.github.ontio.dao]' package. Please check your configuration.
[ WARN ] [2018-11-15 16:15:42] org.mybatis.spring.mapper.ClassPathMapperScanner [239] - Skipping MapperFactoryBean with name 'BlkHeightMainMapper' and 'com.github.ontio.dao.BlkHeightMainMapper' mapperInterface. Bean already defined with the same name!
[ WARN ] [2018-11-15 16:15:42] org.mybatis.spring.mapper.ClassPathMapperScanner [239] - Skipping MapperFactoryBean with name 'BlkHeightSideMapper' and 'com.github.ontio.dao.BlkHeightSideMapper' mapperInterface. Bean already defined with the same name!
[ WARN ] [2018-11-15 16:15:42] org.mybatis.spring.mapper.ClassPathMapperScanner [239] - Skipping MapperFactoryBean with name 'NotifyMapper' and 'com.github.ontio.dao.NotifyMapper' mapperInterface. Bean already defined with the same name!
[ WARN ] [2018-11-15 16:15:42] org.mybatis.spring.mapper.ClassPathMapperScanner [239] - Skipping MapperFactoryBean with name 'SendTxDetailMapper' and 'com.github.ontio.dao.SendTxDetailMapper' mapperInterface. Bean already defined with the same name!
[ WARN ] [2018-11-15 16:15:42] org.mybatis.spring.mapper.ClassPathMapperScanner [239] - Skipping MapperFactoryBean with name 'SendTxMsgInfoMapper' and 'com.github.ontio.dao.SendTxMsgInfoMapper' mapperInterface. Bean already defined with the same name!
[ WARN ] [2018-11-15 16:15:42] org.mybatis.spring.mapper.ClassPathMapperScanner [166] - No MyBatis mapper was found in '[com.github.ontio.dao]' package. Please check your configuration.
[ INFO ] [2018-11-15 16:15:42] org.springframework.data.repository.config.RepositoryConfigurationDelegate [163] - Multiple Spring Data modules found, entering strict repository configuration mode!
[ INFO ] [2018-11-15 16:15:43] org.springframework.context.support.PostProcessorRegistrationDelegate$BeanPostProcessorChecker [328] - Bean 'org.springframework.ws.config.annotation.DelegatingWsConfiguration' of type [org.springframework.ws.config.annotation.DelegatingWsConfiguration$$EnhancerBySpringCGLIB$$b2aed600] is not eligible for getting processed by all BeanPostProcessors (for example: not eligible for auto-proxying)
[ INFO ] [2018-11-15 16:15:43] org.springframework.ws.soap.addressing.server.AnnotationActionEndpointMapping [236] - Supporting [WS-Addressing August 2004, WS-Addressing 1.0]
[ INFO ] [2018-11-15 16:15:43] org.springframework.context.support.PostProcessorRegistrationDelegate$BeanPostProcessorChecker [328] - Bean 'org.springframework.transaction.annotation.ProxyTransactionManagementConfiguration' of type [org.springframework.transaction.annotation.ProxyTransactionManagementConfiguration$$EnhancerBySpringCGLIB$$e171101] is not eligible for getting processed by all BeanPostProcessors (for example: not eligible for auto-proxying)
[ INFO ] [2018-11-15 16:15:43] org.springframework.boot.web.embedded.tomcat.TomcatWebServer [91] - Tomcat initialized with port(s): 8585 (http)
[ INFO ] [2018-11-15 16:15:43] org.apache.coyote.http11.Http11NioProtocol [180] - Initializing ProtocolHandler ["http-nio-8585"]
[ INFO ] [2018-11-15 16:15:43] org.apache.catalina.core.StandardService [180] - Starting service [Tomcat]
[ INFO ] [2018-11-15 16:15:43] org.apache.catalina.core.StandardEngine [180] - Starting Servlet Engine: Apache Tomcat/8.5.31
[ INFO ] [2018-11-15 16:15:43] org.apache.catalina.core.AprLifecycleListener [180] - The APR based Apache Tomcat Native library which allows optimal performance in production environments was not found on the java.library.path: [/Users/sss/Library/Java/Extensions:/Library/Java/Extensions:/Network/Library/Java/Extensions:/System/Library/Java/Extensions:/usr/lib/java:.]
[ INFO ] [2018-11-15 16:15:43] org.apache.catalina.core.ContainerBase.[Tomcat].[localhost].[/] [180] - Initializing Spring embedded WebApplicationContext
[ INFO ] [2018-11-15 16:15:43] org.springframework.web.context.ContextLoader [285] - Root WebApplicationContext: initialization completed in 1394 ms
[ INFO ] [2018-11-15 16:15:43] org.springframework.boot.web.servlet.ServletRegistrationBean [186] - Servlet dispatcherServlet mapped to [/]
[ INFO ] [2018-11-15 16:15:43] org.springframework.boot.web.servlet.ServletRegistrationBean [186] - Servlet messageDispatcherServlet mapped to [/services/*]
[ INFO ] [2018-11-15 16:15:43] org.springframework.boot.web.servlet.FilterRegistrationBean [245] - Mapping filter: 'characterEncodingFilter' to: [/*]
[ INFO ] [2018-11-15 16:15:43] org.springframework.boot.web.servlet.FilterRegistrationBean [245] - Mapping filter: 'hiddenHttpMethodFilter' to: [/*]
[ INFO ] [2018-11-15 16:15:43] org.springframework.boot.web.servlet.FilterRegistrationBean [245] - Mapping filter: 'httpPutFormContentFilter' to: [/*]
[ INFO ] [2018-11-15 16:15:43] org.springframework.boot.web.servlet.FilterRegistrationBean [245] - Mapping filter: 'requestContextFilter' to: [/*]
[ INFO ] [2018-11-15 16:15:43] org.springframework.boot.web.servlet.FilterRegistrationBean [245] - Mapping filter: 'simpleCORSFilter' to: [/*]
[ INFO ] [2018-11-15 16:15:44] org.springframework.web.servlet.handler.SimpleUrlHandlerMapping [373] - Mapped URL path [/**/favicon.ico] onto handler of type [class org.springframework.web.servlet.resource.ResourceHttpRequestHandler]
[ INFO ] [2018-11-15 16:15:44] org.springframework.web.servlet.mvc.method.annotation.RequestMappingHandlerAdapter [574] - Looking for @ControllerAdvice: org.springframework.boot.web.servlet.context.AnnotationConfigServletWebServerApplicationContext@38c6f217: startup date [Thu Nov 15 16:15:42 CST 2018]; root of context hierarchy
[ INFO ] [2018-11-15 16:15:44] org.springframework.web.servlet.mvc.method.annotation.RequestMappingHandlerMapping [547] - Mapped "{[/api/v1/commitdpos/getsidechaindata],methods=[GET]}" onto public com.github.ontio.paramBean.Result com.github.ontio.controller.CommitPosController.querySideChainData()
[ INFO ] [2018-11-15 16:15:44] org.springframework.web.servlet.mvc.method.annotation.RequestMappingHandlerMapping [547] - Mapped "{[/api/v1/mainchain/getnotifybyheight/{height}],methods=[GET]}" onto public com.github.ontio.paramBean.Result com.github.ontio.controller.MainChainController.getMainBlkHeight(int)
[ INFO ] [2018-11-15 16:15:44] org.springframework.web.servlet.mvc.method.annotation.RequestMappingHandlerMapping [547] - Mapped "{[/api/v1/mainchain/getblkheight],methods=[GET]}" onto public com.github.ontio.paramBean.Result com.github.ontio.controller.MainChainController.getMainBlkHeight()
[ INFO ] [2018-11-15 16:15:44] org.springframework.web.servlet.mvc.method.annotation.RequestMappingHandlerMapping [547] - Mapped "{[/api/v1/mainchain/getnotifybytxhash/{txhash}],methods=[GET]}" onto public com.github.ontio.paramBean.Result com.github.ontio.controller.MainChainController.getNotifyByTxhash(java.lang.String)
[ INFO ] [2018-11-15 16:15:44] org.springframework.web.servlet.mvc.method.annotation.RequestMappingHandlerMapping [547] - Mapped "{[/api/v1/mainchain/getnotifybypage/{pagesize}/{pagenumber}],methods=[GET]}" onto public com.github.ontio.paramBean.Result com.github.ontio.controller.MainChainController.getMainNotify(java.lang.Integer,java.lang.Integer)
[ INFO ] [2018-11-15 16:15:44] org.springframework.web.servlet.mvc.method.annotation.RequestMappingHandlerMapping [547] - Mapped "{[/api/v1/sendtx/getsendtxbytxhash/{txhash}],methods=[GET]}" onto public com.github.ontio.paramBean.Result com.github.ontio.controller.SendTxController.getSendTxByTxhash(java.lang.String)
[ INFO ] [2018-11-15 16:15:44] org.springframework.web.servlet.mvc.method.annotation.RequestMappingHandlerMapping [547] - Mapped "{[/api/v1/sendtx/getsendtxbypage/{pagesize}/{pagenumber}],methods=[GET]}" onto public com.github.ontio.paramBean.Result com.github.ontio.controller.SendTxController.getSendTx(java.lang.Integer,java.lang.Integer)
[ INFO ] [2018-11-15 16:15:44] org.springframework.web.servlet.mvc.method.annotation.RequestMappingHandlerMapping [547] - Mapped "{[/api/v1/sendtx/getsendtxdetailbytxhash/{txhash}],methods=[GET]}" onto public com.github.ontio.paramBean.Result com.github.ontio.controller.SendTxController.getsendTxDetailByTxhash(java.lang.String)
[ INFO ] [2018-11-15 16:15:44] org.springframework.web.servlet.mvc.method.annotation.RequestMappingHandlerMapping [547] - Mapped "{[/api/v1/sendtx/getsendtxdetailbypage/{pagesize}/{pagenumber}],methods=[GET]}" onto public com.github.ontio.paramBean.Result com.github.ontio.controller.SendTxController.getMainNotifyAll(java.lang.Integer,java.lang.Integer)
[ INFO ] [2018-11-15 16:15:44] org.springframework.web.servlet.mvc.method.annotation.RequestMappingHandlerMapping [547] - Mapped "{[/api/v1/sidechain/getnotifybyheight/{height}],methods=[GET]}" onto public com.github.ontio.paramBean.Result com.github.ontio.controller.SideChainController.getMainBlkHeight(int)
[ INFO ] [2018-11-15 16:15:44] org.springframework.web.servlet.mvc.method.annotation.RequestMappingHandlerMapping [547] - Mapped "{[/api/v1/sidechain/getblkheight],methods=[GET]}" onto public com.github.ontio.paramBean.Result com.github.ontio.controller.SideChainController.getMainBlkHeight()
[ INFO ] [2018-11-15 16:15:44] org.springframework.web.servlet.mvc.method.annotation.RequestMappingHandlerMapping [547] - Mapped "{[/api/v1/sidechain/getnotifybytxhash/{txhash}],methods=[GET]}" onto public com.github.ontio.paramBean.Result com.github.ontio.controller.SideChainController.getNotifyByTxhash(java.lang.String)
[ INFO ] [2018-11-15 16:15:44] org.springframework.web.servlet.mvc.method.annotation.RequestMappingHandlerMapping [547] - Mapped "{[/api/v1/sidechain/getnotifybypage/{pagesize}/{pagenumber}],methods=[GET]}" onto public com.github.ontio.paramBean.Result com.github.ontio.controller.SideChainController.getMainNotifyByPage(java.lang.Integer,java.lang.Integer)
[ INFO ] [2018-11-15 16:15:44] org.springframework.web.servlet.mvc.method.annotation.RequestMappingHandlerMapping [547] - Mapped "{[/error]}" onto public org.springframework.http.ResponseEntity<java.util.Map<java.lang.String, java.lang.Object>> org.springframework.boot.autoconfigure.web.servlet.error.BasicErrorController.error(javax.servlet.http.HttpServletRequest)
[ INFO ] [2018-11-15 16:15:44] org.springframework.web.servlet.mvc.method.annotation.RequestMappingHandlerMapping [547] - Mapped "{[/error],produces=[text/html]}" onto public org.springframework.web.servlet.ModelAndView org.springframework.boot.autoconfigure.web.servlet.error.BasicErrorController.errorHtml(javax.servlet.http.HttpServletRequest,javax.servlet.http.HttpServletResponse)
[ INFO ] [2018-11-15 16:15:44] org.springframework.web.servlet.handler.SimpleUrlHandlerMapping [373] - Mapped URL path [/webjars/**] onto handler of type [class org.springframework.web.servlet.resource.ResourceHttpRequestHandler]
[ INFO ] [2018-11-15 16:15:44] org.springframework.web.servlet.handler.SimpleUrlHandlerMapping [373] - Mapped URL path [/**] onto handler of type [class org.springframework.web.servlet.resource.ResourceHttpRequestHandler]
[ INFO ] [2018-11-15 16:15:44] org.springframework.jmx.export.annotation.AnnotationMBeanExporter [433] - Registering beans for JMX exposure on startup
[ INFO ] [2018-11-15 16:15:44] org.springframework.jmx.export.annotation.AnnotationMBeanExporter [895] - Bean with name 'dataSource' has been autodetected for JMX exposure
[ INFO ] [2018-11-15 16:15:44] org.springframework.jmx.export.annotation.AnnotationMBeanExporter [668] - Located MBean 'dataSource': registering with JMX server as MBean [com.zaxxer.hikari:name=dataSource,type=HikariDataSource]
[ INFO ] [2018-11-15 16:15:44] org.apache.coyote.http11.Http11NioProtocol [180] - Starting ProtocolHandler ["http-nio-8585"]
[ INFO ] [2018-11-15 16:15:44] org.apache.tomcat.util.net.NioSelectorPool [180] - Using a shared selector for servlet write/read
[ INFO ] [2018-11-15 16:15:44] org.springframework.boot.web.embedded.tomcat.TomcatWebServer [206] - Tomcat started on port(s): 8585 (http) with context path ''
[ INFO ] [2018-11-15 16:15:44] com.github.ontio.ExplorerApplication [59] - Started ExplorerApplication in 3.119 seconds (JVM running for 3.649)
[ INFO ] [2018-11-15 16:15:48] org.apache.catalina.core.ContainerBase.[Tomcat].[localhost].[/] [180] - Initializing Spring FrameworkServlet 'dispatcherServlet'
[ INFO ] [2018-11-15 16:15:48] org.springframework.web.servlet.DispatcherServlet [494] - FrameworkServlet 'dispatcherServlet': initialization started
[ INFO ] [2018-11-15 16:15:48] org.springframework.web.servlet.DispatcherServlet [509] - FrameworkServlet 'dispatcherServlet': initialization completed in 14 ms
[ INFO ] [2018-11-15 16:15:49] com.github.ontio.controller.CommitPosController [66] - ########SendTxController.getsendTxDetailByTxhash begin...
[ INFO ] [2018-11-15 16:15:49] com.zaxxer.hikari.HikariDataSource [110] - HikariPool-1 - Starting...
[ INFO ] [2018-11-15 16:15:50] com.zaxxer.hikari.HikariDataSource [123] - HikariPool-1 - Start completed.
[ DEBUG] [2018-11-15 16:15:50] dao.com.github.ontio.dao.SendTxDetailMapper.selectSendTxDetailByHash [159] - ==>  Preparing: select txhash, blkHeight, amount, chainType, nodeUrl,functionName,sideChainId,address from tbl_sendtx_detail where txhash = ? 
[ DEBUG] [2018-11-15 16:15:50] dao.com.github.ontio.dao.SendTxDetailMapper.selectSendTxDetailByHash [159] - ==> Parameters: 5d106bf5f6dc866834323aba3ce153720d691269033658b55ec53386de61457c(String)
[ DEBUG] [2018-11-15 16:15:50] dao.com.github.ontio.dao.SendTxDetailMapper.selectSendTxDetailByHash [159] - <==      Total: 3
[ INFO ] [2018-11-15 16:28:29] org.springframework.boot.web.servlet.context.AnnotationConfigServletWebServerApplicationContext [993] - Closing org.springframework.boot.web.servlet.context.AnnotationConfigServletWebServerApplicationContext@38c6f217: startup date [Thu Nov 15 16:15:42 CST 2018]; root of context hierarchy
[ INFO ] [2018-11-15 16:28:29] org.springframework.jmx.export.annotation.AnnotationMBeanExporter [451] - Unregistering JMX-exposed beans on shutdown
[ INFO ] [2018-11-15 16:28:29] org.springframework.jmx.export.annotation.AnnotationMBeanExporter [183] - Unregistering JMX-exposed beans
[ INFO ] [2018-11-15 16:28:29] com.zaxxer.hikari.HikariDataSource [381] - HikariPool-1 - Shutdown initiated...
[ INFO ] [2018-11-15 16:28:29] com.zaxxer.hikari.HikariDataSource [383] - HikariPool-1 - Shutdown completed.
