[ INFO ] [2018-11-20 18:06:43] com.github.ontio.ExplorerApplication [50] - Starting ExplorerApplication on sss.local with PID 16571 (/Users/sss/dev/localgit/javaProject/sidechainserver/target/classes started by sss in /Users/sss/dev/localgit/javaProject/sidechainserver)
[ DEBUG] [2018-11-20 18:06:43] com.github.ontio.ExplorerApplication [53] - Running with Spring Boot v2.0.3.RELEASE, Spring v5.0.7.RELEASE
[ INFO ] [2018-11-20 18:06:43] com.github.ontio.ExplorerApplication [663] - The following profiles are active: uat
[ INFO ] [2018-11-20 18:06:43] org.springframework.boot.web.servlet.context.AnnotationConfigServletWebServerApplicationContext [590] - Refreshing org.springframework.boot.web.servlet.context.AnnotationConfigServletWebServerApplicationContext@8f4ea7c: startup date [Tue Nov 20 18:06:43 CST 2018]; root of context hierarchy
[ WARN ] [2018-11-20 18:06:43] org.mybatis.spring.mapper.ClassPathMapperScanner [239] - Skipping MapperFactoryBean with name 'BlkHeightMainMapper' and 'com.github.ontio.dao.BlkHeightMainMapper' mapperInterface. Bean already defined with the same name!
[ WARN ] [2018-11-20 18:06:43] org.mybatis.spring.mapper.ClassPathMapperScanner [239] - Skipping MapperFactoryBean with name 'BlkHeightSideMapper' and 'com.github.ontio.dao.BlkHeightSideMapper' mapperInterface. Bean already defined with the same name!
[ WARN ] [2018-11-20 18:06:43] org.mybatis.spring.mapper.ClassPathMapperScanner [239] - Skipping MapperFactoryBean with name 'NotifyMapper' and 'com.github.ontio.dao.NotifyMapper' mapperInterface. Bean already defined with the same name!
[ WARN ] [2018-11-20 18:06:43] org.mybatis.spring.mapper.ClassPathMapperScanner [239] - Skipping MapperFactoryBean with name 'SendTxDetailMapper' and 'com.github.ontio.dao.SendTxDetailMapper' mapperInterface. Bean already defined with the same name!
[ WARN ] [2018-11-20 18:06:43] org.mybatis.spring.mapper.ClassPathMapperScanner [239] - Skipping MapperFactoryBean with name 'SendTxMsgInfoMapper' and 'com.github.ontio.dao.SendTxMsgInfoMapper' mapperInterface. Bean already defined with the same name!
[ WARN ] [2018-11-20 18:06:43] org.mybatis.spring.mapper.ClassPathMapperScanner [166] - No MyBatis mapper was found in '[com.github.ontio.dao]' package. Please check your configuration.
[ WARN ] [2018-11-20 18:06:43] org.mybatis.spring.mapper.ClassPathMapperScanner [239] - Skipping MapperFactoryBean with name 'BlkHeightMainMapper' and 'com.github.ontio.dao.BlkHeightMainMapper' mapperInterface. Bean already defined with the same name!
[ WARN ] [2018-11-20 18:06:43] org.mybatis.spring.mapper.ClassPathMapperScanner [239] - Skipping MapperFactoryBean with name 'BlkHeightSideMapper' and 'com.github.ontio.dao.BlkHeightSideMapper' mapperInterface. Bean already defined with the same name!
[ WARN ] [2018-11-20 18:06:43] org.mybatis.spring.mapper.ClassPathMapperScanner [239] - Skipping MapperFactoryBean with name 'NotifyMapper' and 'com.github.ontio.dao.NotifyMapper' mapperInterface. Bean already defined with the same name!
[ WARN ] [2018-11-20 18:06:43] org.mybatis.spring.mapper.ClassPathMapperScanner [239] - Skipping MapperFactoryBean with name 'SendTxDetailMapper' and 'com.github.ontio.dao.SendTxDetailMapper' mapperInterface. Bean already defined with the same name!
[ WARN ] [2018-11-20 18:06:43] org.mybatis.spring.mapper.ClassPathMapperScanner [239] - Skipping MapperFactoryBean with name 'SendTxMsgInfoMapper' and 'com.github.ontio.dao.SendTxMsgInfoMapper' mapperInterface. Bean already defined with the same name!
[ WARN ] [2018-11-20 18:06:43] org.mybatis.spring.mapper.ClassPathMapperScanner [166] - No MyBatis mapper was found in '[com.github.ontio.dao]' package. Please check your configuration.
[ WARN ] [2018-11-20 18:06:43] org.mybatis.spring.mapper.ClassPathMapperScanner [239] - Skipping MapperFactoryBean with name 'BlkHeightMainMapper' and 'com.github.ontio.dao.BlkHeightMainMapper' mapperInterface. Bean already defined with the same name!
[ WARN ] [2018-11-20 18:06:43] org.mybatis.spring.mapper.ClassPathMapperScanner [239] - Skipping MapperFactoryBean with name 'BlkHeightSideMapper' and 'com.github.ontio.dao.BlkHeightSideMapper' mapperInterface. Bean already defined with the same name!
[ WARN ] [2018-11-20 18:06:43] org.mybatis.spring.mapper.ClassPathMapperScanner [239] - Skipping MapperFactoryBean with name 'NotifyMapper' and 'com.github.ontio.dao.NotifyMapper' mapperInterface. Bean already defined with the same name!
[ WARN ] [2018-11-20 18:06:43] org.mybatis.spring.mapper.ClassPathMapperScanner [239] - Skipping MapperFactoryBean with name 'SendTxDetailMapper' and 'com.github.ontio.dao.SendTxDetailMapper' mapperInterface. Bean already defined with the same name!
[ WARN ] [2018-11-20 18:06:43] org.mybatis.spring.mapper.ClassPathMapperScanner [239] - Skipping MapperFactoryBean with name 'SendTxMsgInfoMapper' and 'com.github.ontio.dao.SendTxMsgInfoMapper' mapperInterface. Bean already defined with the same name!
[ WARN ] [2018-11-20 18:06:43] org.mybatis.spring.mapper.ClassPathMapperScanner [166] - No MyBatis mapper was found in '[com.github.ontio.dao]' package. Please check your configuration.
[ INFO ] [2018-11-20 18:06:43] org.springframework.data.repository.config.RepositoryConfigurationDelegate [163] - Multiple Spring Data modules found, entering strict repository configuration mode!
[ INFO ] [2018-11-20 18:06:44] org.springframework.context.support.PostProcessorRegistrationDelegate$BeanPostProcessorChecker [328] - Bean 'org.springframework.ws.config.annotation.DelegatingWsConfiguration' of type [org.springframework.ws.config.annotation.DelegatingWsConfiguration$$EnhancerBySpringCGLIB$$817fcfec] is not eligible for getting processed by all BeanPostProcessors (for example: not eligible for auto-proxying)
[ INFO ] [2018-11-20 18:06:44] org.springframework.ws.soap.addressing.server.AnnotationActionEndpointMapping [236] - Supporting [WS-Addressing August 2004, WS-Addressing 1.0]
[ INFO ] [2018-11-20 18:06:44] org.springframework.context.support.PostProcessorRegistrationDelegate$BeanPostProcessorChecker [328] - Bean 'org.springframework.transaction.annotation.ProxyTransactionManagementConfiguration' of type [org.springframework.transaction.annotation.ProxyTransactionManagementConfiguration$$EnhancerBySpringCGLIB$$dce80aed] is not eligible for getting processed by all BeanPostProcessors (for example: not eligible for auto-proxying)
[ INFO ] [2018-11-20 18:06:44] org.springframework.boot.web.embedded.tomcat.TomcatWebServer [91] - Tomcat initialized with port(s): 8585 (http)
[ INFO ] [2018-11-20 18:06:44] org.apache.coyote.http11.Http11NioProtocol [180] - Initializing ProtocolHandler ["http-nio-8585"]
[ INFO ] [2018-11-20 18:06:44] org.apache.catalina.core.StandardService [180] - Starting service [Tomcat]
[ INFO ] [2018-11-20 18:06:44] org.apache.catalina.core.StandardEngine [180] - Starting Servlet Engine: Apache Tomcat/8.5.31
[ INFO ] [2018-11-20 18:06:44] org.apache.catalina.core.AprLifecycleListener [180] - The APR based Apache Tomcat Native library which allows optimal performance in production environments was not found on the java.library.path: [/Users/sss/Library/Java/Extensions:/Library/Java/Extensions:/Network/Library/Java/Extensions:/System/Library/Java/Extensions:/usr/lib/java:.]
[ INFO ] [2018-11-20 18:06:44] org.apache.catalina.core.ContainerBase.[Tomcat].[localhost].[/] [180] - Initializing Spring embedded WebApplicationContext
[ INFO ] [2018-11-20 18:06:44] org.springframework.web.context.ContextLoader [285] - Root WebApplicationContext: initialization completed in 1581 ms
[ INFO ] [2018-11-20 18:06:45] org.springframework.boot.web.servlet.ServletRegistrationBean [186] - Servlet dispatcherServlet mapped to [/]
[ INFO ] [2018-11-20 18:06:45] org.springframework.boot.web.servlet.ServletRegistrationBean [186] - Servlet messageDispatcherServlet mapped to [/services/*]
[ INFO ] [2018-11-20 18:06:45] org.springframework.boot.web.servlet.FilterRegistrationBean [245] - Mapping filter: 'characterEncodingFilter' to: [/*]
[ INFO ] [2018-11-20 18:06:45] org.springframework.boot.web.servlet.FilterRegistrationBean [245] - Mapping filter: 'hiddenHttpMethodFilter' to: [/*]
[ INFO ] [2018-11-20 18:06:45] org.springframework.boot.web.servlet.FilterRegistrationBean [245] - Mapping filter: 'httpPutFormContentFilter' to: [/*]
[ INFO ] [2018-11-20 18:06:45] org.springframework.boot.web.servlet.FilterRegistrationBean [245] - Mapping filter: 'requestContextFilter' to: [/*]
[ INFO ] [2018-11-20 18:06:45] org.springframework.boot.web.servlet.FilterRegistrationBean [245] - Mapping filter: 'simpleCORSFilter' to: [/*]
[ INFO ] [2018-11-20 18:06:45] org.springframework.web.servlet.handler.SimpleUrlHandlerMapping [373] - Mapped URL path [/**/favicon.ico] onto handler of type [class org.springframework.web.servlet.resource.ResourceHttpRequestHandler]
[ INFO ] [2018-11-20 18:06:45] org.springframework.web.servlet.mvc.method.annotation.RequestMappingHandlerAdapter [574] - Looking for @ControllerAdvice: org.springframework.boot.web.servlet.context.AnnotationConfigServletWebServerApplicationContext@8f4ea7c: startup date [Tue Nov 20 18:06:43 CST 2018]; root of context hierarchy
[ INFO ] [2018-11-20 18:06:45] org.springframework.web.servlet.mvc.method.annotation.RequestMappingHandlerMapping [547] - Mapped "{[/api/v1/commitdpos/getsidechaindata],methods=[GET]}" onto public com.github.ontio.paramBean.Result com.github.ontio.controller.CommitPosController.querySideChainData()
[ INFO ] [2018-11-20 18:06:45] org.springframework.web.servlet.mvc.method.annotation.RequestMappingHandlerMapping [547] - Mapped "{[/api/v1/mainchain/getnotifybyheight/{height}],methods=[GET]}" onto public com.github.ontio.paramBean.Result com.github.ontio.controller.MainChainController.getMainBlkHeight(int)
[ INFO ] [2018-11-20 18:06:45] org.springframework.web.servlet.mvc.method.annotation.RequestMappingHandlerMapping [547] - Mapped "{[/api/v1/mainchain/getblkheight],methods=[GET]}" onto public com.github.ontio.paramBean.Result com.github.ontio.controller.MainChainController.getMainBlkHeight()
[ INFO ] [2018-11-20 18:06:45] org.springframework.web.servlet.mvc.method.annotation.RequestMappingHandlerMapping [547] - Mapped "{[/api/v1/mainchain/getnotifybytxhash/{txhash}],methods=[GET]}" onto public com.github.ontio.paramBean.Result com.github.ontio.controller.MainChainController.getNotifyByTxhash(java.lang.String)
[ INFO ] [2018-11-20 18:06:45] org.springframework.web.servlet.mvc.method.annotation.RequestMappingHandlerMapping [547] - Mapped "{[/api/v1/mainchain/getnotifybypage/{pagesize}/{pagenumber}],methods=[GET]}" onto public com.github.ontio.paramBean.Result com.github.ontio.controller.MainChainController.getMainNotify(java.lang.Integer,java.lang.Integer)
[ INFO ] [2018-11-20 18:06:45] org.springframework.web.servlet.mvc.method.annotation.RequestMappingHandlerMapping [547] - Mapped "{[/api/v1/sendtx/getsendtxbytxhash/{txhash}],methods=[GET]}" onto public com.github.ontio.paramBean.Result com.github.ontio.controller.SendTxController.getSendTxByTxhash(java.lang.String)
[ INFO ] [2018-11-20 18:06:45] org.springframework.web.servlet.mvc.method.annotation.RequestMappingHandlerMapping [547] - Mapped "{[/api/v1/sendtx/getsendtxbypage/{pagesize}/{pagenumber}],methods=[GET]}" onto public com.github.ontio.paramBean.Result com.github.ontio.controller.SendTxController.getSendTx(java.lang.Integer,java.lang.Integer)
[ INFO ] [2018-11-20 18:06:45] org.springframework.web.servlet.mvc.method.annotation.RequestMappingHandlerMapping [547] - Mapped "{[/api/v1/sendtx/getsendtxdetailbytxhash/{txhash}],methods=[GET]}" onto public com.github.ontio.paramBean.Result com.github.ontio.controller.SendTxController.getsendTxDetailByTxhash(java.lang.String)
[ INFO ] [2018-11-20 18:06:45] org.springframework.web.servlet.mvc.method.annotation.RequestMappingHandlerMapping [547] - Mapped "{[/api/v1/sendtx/getsendtxdetailbypage/{pagesize}/{pagenumber}],methods=[GET]}" onto public com.github.ontio.paramBean.Result com.github.ontio.controller.SendTxController.getMainNotifyAll(java.lang.Integer,java.lang.Integer)
[ INFO ] [2018-11-20 18:06:45] org.springframework.web.servlet.mvc.method.annotation.RequestMappingHandlerMapping [547] - Mapped "{[/api/v1/sidechain/getnotifybyheight/{height}],methods=[GET]}" onto public com.github.ontio.paramBean.Result com.github.ontio.controller.SideChainController.getMainBlkHeight(int)
[ INFO ] [2018-11-20 18:06:45] org.springframework.web.servlet.mvc.method.annotation.RequestMappingHandlerMapping [547] - Mapped "{[/api/v1/sidechain/getblkheight],methods=[GET]}" onto public com.github.ontio.paramBean.Result com.github.ontio.controller.SideChainController.getMainBlkHeight()
[ INFO ] [2018-11-20 18:06:45] org.springframework.web.servlet.mvc.method.annotation.RequestMappingHandlerMapping [547] - Mapped "{[/api/v1/sidechain/getnotifybytxhash/{txhash}],methods=[GET]}" onto public com.github.ontio.paramBean.Result com.github.ontio.controller.SideChainController.getNotifyByTxhash(java.lang.String)
[ INFO ] [2018-11-20 18:06:45] org.springframework.web.servlet.mvc.method.annotation.RequestMappingHandlerMapping [547] - Mapped "{[/api/v1/sidechain/getnotifybypage/{pagesize}/{pagenumber}],methods=[GET]}" onto public com.github.ontio.paramBean.Result com.github.ontio.controller.SideChainController.getMainNotifyByPage(java.lang.Integer,java.lang.Integer)
[ INFO ] [2018-11-20 18:06:45] org.springframework.web.servlet.mvc.method.annotation.RequestMappingHandlerMapping [547] - Mapped "{[/error]}" onto public org.springframework.http.ResponseEntity<java.util.Map<java.lang.String, java.lang.Object>> org.springframework.boot.autoconfigure.web.servlet.error.BasicErrorController.error(javax.servlet.http.HttpServletRequest)
[ INFO ] [2018-11-20 18:06:45] org.springframework.web.servlet.mvc.method.annotation.RequestMappingHandlerMapping [547] - Mapped "{[/error],produces=[text/html]}" onto public org.springframework.web.servlet.ModelAndView org.springframework.boot.autoconfigure.web.servlet.error.BasicErrorController.errorHtml(javax.servlet.http.HttpServletRequest,javax.servlet.http.HttpServletResponse)
[ INFO ] [2018-11-20 18:06:45] org.springframework.web.servlet.handler.SimpleUrlHandlerMapping [373] - Mapped URL path [/webjars/**] onto handler of type [class org.springframework.web.servlet.resource.ResourceHttpRequestHandler]
[ INFO ] [2018-11-20 18:06:45] org.springframework.web.servlet.handler.SimpleUrlHandlerMapping [373] - Mapped URL path [/**] onto handler of type [class org.springframework.web.servlet.resource.ResourceHttpRequestHandler]
[ INFO ] [2018-11-20 18:06:46] org.springframework.jmx.export.annotation.AnnotationMBeanExporter [433] - Registering beans for JMX exposure on startup
[ INFO ] [2018-11-20 18:06:46] org.springframework.jmx.export.annotation.AnnotationMBeanExporter [895] - Bean with name 'dataSource' has been autodetected for JMX exposure
[ INFO ] [2018-11-20 18:06:46] org.springframework.jmx.export.annotation.AnnotationMBeanExporter [668] - Located MBean 'dataSource': registering with JMX server as MBean [com.zaxxer.hikari:name=dataSource,type=HikariDataSource]
[ INFO ] [2018-11-20 18:06:46] org.apache.coyote.http11.Http11NioProtocol [180] - Starting ProtocolHandler ["http-nio-8585"]
[ INFO ] [2018-11-20 18:06:46] org.apache.tomcat.util.net.NioSelectorPool [180] - Using a shared selector for servlet write/read
[ INFO ] [2018-11-20 18:06:46] org.springframework.boot.web.embedded.tomcat.TomcatWebServer [206] - Tomcat started on port(s): 8585 (http) with context path ''
[ INFO ] [2018-11-20 18:06:46] com.github.ontio.ExplorerApplication [59] - Started ExplorerApplication in 3.417 seconds (JVM running for 4.087)
[ INFO ] [2018-11-20 18:06:52] org.springframework.boot.web.servlet.context.AnnotationConfigServletWebServerApplicationContext [993] - Closing org.springframework.boot.web.servlet.context.AnnotationConfigServletWebServerApplicationContext@8f4ea7c: startup date [Tue Nov 20 18:06:43 CST 2018]; root of context hierarchy
[ INFO ] [2018-11-20 18:06:52] org.springframework.jmx.export.annotation.AnnotationMBeanExporter [451] - Unregistering JMX-exposed beans on shutdown
[ INFO ] [2018-11-20 18:06:52] org.springframework.jmx.export.annotation.AnnotationMBeanExporter [183] - Unregistering JMX-exposed beans
